{"/Users/shamiejegan/Documents/uol comsci/mobile_dev/CM3050-Finals/shedoff/App.js": {"path":"/Users/shamiejegan/Documents/uol comsci/mobile_dev/CM3050-Finals/shedoff/App.js","statementMap":{"0":{"start":{"line":4,"column":2},"end":{"line":6,"column":3}}},"fnMap":{"0":{"name":"App","decl":{"start":{"line":3,"column":24},"end":{"line":3,"column":27}},"loc":{"start":{"line":3,"column":30},"end":{"line":7,"column":1}},"line":3}},"branchMap":{},"s":{"0":1},"f":{"0":1},"b":{},"_coverageSchema":"1a1c01bbd47fc00a2c39e90264f33305004495a9","hash":"193c759d2be5f6eb6feee1a7aafecc5c981a9b36"}
,"/Users/shamiejegan/Documents/uol comsci/mobile_dev/CM3050-Finals/shedoff/scripts/analysisScreen.js": {"path":"/Users/shamiejegan/Documents/uol comsci/mobile_dev/CM3050-Finals/shedoff/scripts/analysisScreen.js","statementMap":{"0":{"start":{"line":10,"column":2},"end":{"line":17,"column":6}},"1":{"start":{"line":19,"column":15},"end":{"line":42,"column":2}}},"fnMap":{"0":{"name":"AnalysisScreen","decl":{"start":{"line":8,"column":24},"end":{"line":8,"column":38}},"loc":{"start":{"line":8,"column":59},"end":{"line":18,"column":1}},"line":8}},"branchMap":{},"s":{"0":2,"1":2},"f":{"0":2},"b":{},"_coverageSchema":"1a1c01bbd47fc00a2c39e90264f33305004495a9","hash":"563b6f1c6b555889cab45e0574d5d4f3112293ff"}
,"/Users/shamiejegan/Documents/uol comsci/mobile_dev/CM3050-Finals/shedoff/scripts/entriesScreen.js": {"path":"/Users/shamiejegan/Documents/uol comsci/mobile_dev/CM3050-Finals/shedoff/scripts/entriesScreen.js","statementMap":{"0":{"start":{"line":17,"column":17},"end":{"line":17,"column":29}},"1":{"start":{"line":18,"column":20},"end":{"line":18,"column":34}},"2":{"start":{"line":20,"column":13},"end":{"line":20,"column":45}},"3":{"start":{"line":22,"column":44},"end":{"line":22,"column":55}},"4":{"start":{"line":23,"column":40},"end":{"line":23,"column":51}},"5":{"start":{"line":24,"column":36},"end":{"line":24,"column":47}},"6":{"start":{"line":25,"column":44},"end":{"line":25,"column":55}},"7":{"start":{"line":26,"column":38},"end":{"line":26,"column":49}},"8":{"start":{"line":27,"column":34},"end":{"line":27,"column":45}},"9":{"start":{"line":28,"column":38},"end":{"line":28,"column":49}},"10":{"start":{"line":30,"column":38},"end":{"line":30,"column":49}},"11":{"start":{"line":32,"column":41},"end":{"line":32,"column":55}},"12":{"start":{"line":33,"column":41},"end":{"line":33,"column":57}},"13":{"start":{"line":34,"column":41},"end":{"line":34,"column":54}},"14":{"start":{"line":36,"column":25},"end":{"line":36,"column":43}},"15":{"start":{"line":39,"column":4},"end":{"line":39,"column":68}},"16":{"start":{"line":43,"column":4},"end":{"line":43,"column":219}},"17":{"start":{"line":46,"column":18},"end":{"line":52,"column":3}},"18":{"start":{"line":47,"column":4},"end":{"line":47,"column":19}},"19":{"start":{"line":48,"column":4},"end":{"line":48,"column":28}},"20":{"start":{"line":50,"column":4},"end":{"line":50,"column":86}},"21":{"start":{"line":51,"column":4},"end":{"line":51,"column":44}},"22":{"start":{"line":53,"column":23},"end":{"line":59,"column":3}},"23":{"start":{"line":54,"column":4},"end":{"line":54,"column":19}},"24":{"start":{"line":55,"column":4},"end":{"line":55,"column":28}},"25":{"start":{"line":57,"column":4},"end":{"line":57,"column":86}},"26":{"start":{"line":58,"column":4},"end":{"line":58,"column":44}},"27":{"start":{"line":61,"column":18},"end":{"line":138,"column":3}},"28":{"start":{"line":62,"column":4},"end":{"line":62,"column":35}},"29":{"start":{"line":63,"column":4},"end":{"line":63,"column":19}},"30":{"start":{"line":64,"column":4},"end":{"line":134,"column":5}},"31":{"start":{"line":65,"column":6},"end":{"line":130,"column":9}},"32":{"start":{"line":66,"column":8},"end":{"line":115,"column":10}},"33":{"start":{"line":70,"column":12},"end":{"line":113,"column":13}},"34":{"start":{"line":72,"column":28},"end":{"line":72,"column":55}},"35":{"start":{"line":73,"column":14},"end":{"line":73,"column":52}},"36":{"start":{"line":75,"column":14},"end":{"line":75,"column":62}},"37":{"start":{"line":76,"column":34},"end":{"line":76,"column":80}},"38":{"start":{"line":76,"column":52},"end":{"line":76,"column":79}},"39":{"start":{"line":79,"column":14},"end":{"line":102,"column":15}},"40":{"start":{"line":80,"column":16},"end":{"line":80,"column":44}},"41":{"start":{"line":81,"column":16},"end":{"line":81,"column":86}},"42":{"start":{"line":82,"column":16},"end":{"line":82,"column":59}},"43":{"start":{"line":83,"column":16},"end":{"line":83,"column":53}},"44":{"start":{"line":84,"column":16},"end":{"line":84,"column":49}},"45":{"start":{"line":85,"column":16},"end":{"line":85,"column":57}},"46":{"start":{"line":86,"column":16},"end":{"line":86,"column":51}},"47":{"start":{"line":87,"column":16},"end":{"line":87,"column":47}},"48":{"start":{"line":88,"column":16},"end":{"line":88,"column":51}},"49":{"start":{"line":90,"column":16},"end":{"line":90,"column":36}},"50":{"start":{"line":94,"column":16},"end":{"line":94,"column":48}},"51":{"start":{"line":95,"column":16},"end":{"line":95,"column":28}},"52":{"start":{"line":96,"column":16},"end":{"line":96,"column":34}},"53":{"start":{"line":97,"column":16},"end":{"line":97,"column":32}},"54":{"start":{"line":98,"column":16},"end":{"line":98,"column":36}},"55":{"start":{"line":99,"column":16},"end":{"line":99,"column":33}},"56":{"start":{"line":100,"column":16},"end":{"line":100,"column":31}},"57":{"start":{"line":101,"column":16},"end":{"line":101,"column":33}},"58":{"start":{"line":105,"column":14},"end":{"line":105,"column":53}},"59":{"start":{"line":106,"column":14},"end":{"line":106,"column":26}},"60":{"start":{"line":107,"column":14},"end":{"line":107,"column":32}},"61":{"start":{"line":108,"column":14},"end":{"line":108,"column":30}},"62":{"start":{"line":109,"column":14},"end":{"line":109,"column":34}},"63":{"start":{"line":110,"column":14},"end":{"line":110,"column":31}},"64":{"start":{"line":111,"column":14},"end":{"line":111,"column":29}},"65":{"start":{"line":112,"column":14},"end":{"line":112,"column":31}},"66":{"start":{"line":116,"column":8},"end":{"line":129,"column":10}},"67":{"start":{"line":120,"column":12},"end":{"line":127,"column":13}},"68":{"start":{"line":121,"column":14},"end":{"line":121,"column":58}},"69":{"start":{"line":122,"column":14},"end":{"line":122,"column":58}},"70":{"start":{"line":123,"column":14},"end":{"line":123,"column":58}},"71":{"start":{"line":126,"column":14},"end":{"line":126,"column":23}},"72":{"start":{"line":133,"column":6},"end":{"line":133,"column":22}},"73":{"start":{"line":140,"column":2},"end":{"line":146,"column":18}},"74":{"start":{"line":141,"column":4},"end":{"line":141,"column":19}},"75":{"start":{"line":142,"column":4},"end":{"line":145,"column":5}},"76":{"start":{"line":143,"column":6},"end":{"line":143,"column":41}},"77":{"start":{"line":144,"column":6},"end":{"line":144,"column":59}},"78":{"start":{"line":149,"column":2},"end":{"line":156,"column":23}},"79":{"start":{"line":150,"column":4},"end":{"line":155,"column":5}},"80":{"start":{"line":151,"column":6},"end":{"line":151,"column":86}},"81":{"start":{"line":152,"column":6},"end":{"line":152,"column":42}},"82":{"start":{"line":153,"column":6},"end":{"line":153,"column":21}},"83":{"start":{"line":154,"column":6},"end":{"line":154,"column":27}},"84":{"start":{"line":158,"column":20},"end":{"line":180,"column":3}},"85":{"start":{"line":159,"column":4},"end":{"line":159,"column":19}},"86":{"start":{"line":160,"column":4},"end":{"line":179,"column":5}},"87":{"start":{"line":161,"column":6},"end":{"line":176,"column":8}},"88":{"start":{"line":162,"column":8},"end":{"line":175,"column":10}},"89":{"start":{"line":166,"column":12},"end":{"line":170,"column":13}},"90":{"start":{"line":167,"column":14},"end":{"line":167,"column":46}},"91":{"start":{"line":169,"column":14},"end":{"line":169,"column":76}},"92":{"start":{"line":173,"column":12},"end":{"line":173,"column":83}},"93":{"start":{"line":178,"column":6},"end":{"line":178,"column":22}},"94":{"start":{"line":182,"column":23},"end":{"line":204,"column":3}},"95":{"start":{"line":183,"column":4},"end":{"line":183,"column":19}},"96":{"start":{"line":184,"column":4},"end":{"line":203,"column":5}},"97":{"start":{"line":185,"column":6},"end":{"line":200,"column":8}},"98":{"start":{"line":186,"column":8},"end":{"line":199,"column":10}},"99":{"start":{"line":190,"column":12},"end":{"line":194,"column":13}},"100":{"start":{"line":191,"column":14},"end":{"line":191,"column":53}},"101":{"start":{"line":193,"column":14},"end":{"line":193,"column":76}},"102":{"start":{"line":197,"column":12},"end":{"line":197,"column":82}},"103":{"start":{"line":202,"column":6},"end":{"line":202,"column":22}},"104":{"start":{"line":207,"column":2},"end":{"line":333,"column":6}},"105":{"start":{"line":218,"column":43},"end":{"line":218,"column":57}},"106":{"start":{"line":222,"column":43},"end":{"line":222,"column":66}},"107":{"start":{"line":231,"column":45},"end":{"line":231,"column":54}},"108":{"start":{"line":251,"column":43},"end":{"line":251,"column":64}},"109":{"start":{"line":251,"column":64},"end":{"line":251,"column":85}},"110":{"start":{"line":263,"column":43},"end":{"line":263,"column":62}},"111":{"start":{"line":263,"column":62},"end":{"line":263,"column":83}},"112":{"start":{"line":275,"column":43},"end":{"line":275,"column":66}},"113":{"start":{"line":275,"column":66},"end":{"line":275,"column":87}},"114":{"start":{"line":287,"column":43},"end":{"line":287,"column":63}},"115":{"start":{"line":287,"column":63},"end":{"line":287,"column":84}},"116":{"start":{"line":299,"column":43},"end":{"line":299,"column":61}},"117":{"start":{"line":299,"column":61},"end":{"line":299,"column":82}},"118":{"start":{"line":311,"column":43},"end":{"line":311,"column":63}},"119":{"start":{"line":311,"column":63},"end":{"line":311,"column":84}},"120":{"start":{"line":325,"column":29},"end":{"line":325,"column":64}},"121":{"start":{"line":326,"column":30},"end":{"line":326,"column":66}},"122":{"start":{"line":327,"column":32},"end":{"line":327,"column":70}},"123":{"start":{"line":328,"column":32},"end":{"line":328,"column":70}},"124":{"start":{"line":335,"column":15},"end":{"line":390,"column":2}}},"fnMap":{"0":{"name":"EntriesScreen","decl":{"start":{"line":15,"column":24},"end":{"line":15,"column":37}},"loc":{"start":{"line":15,"column":58},"end":{"line":334,"column":1}},"line":15},"1":{"name":"reduceDateGranularity","decl":{"start":{"line":38,"column":11},"end":{"line":38,"column":32}},"loc":{"start":{"line":38,"column":50},"end":{"line":40,"column":3}},"line":38},"2":{"name":"stateMonitor","decl":{"start":{"line":42,"column":11},"end":{"line":42,"column":23}},"loc":{"start":{"line":42,"column":25},"end":{"line":44,"column":3}},"line":42},"3":{"name":"(anonymous_3)","decl":{"start":{"line":46,"column":18},"end":{"line":46,"column":19}},"loc":{"start":{"line":46,"column":24},"end":{"line":52,"column":3}},"line":46},"4":{"name":"(anonymous_4)","decl":{"start":{"line":53,"column":23},"end":{"line":53,"column":24}},"loc":{"start":{"line":53,"column":29},"end":{"line":59,"column":3}},"line":53},"5":{"name":"(anonymous_5)","decl":{"start":{"line":61,"column":18},"end":{"line":61,"column":19}},"loc":{"start":{"line":61,"column":40},"end":{"line":138,"column":3}},"line":61},"6":{"name":"(anonymous_6)","decl":{"start":{"line":65,"column":27},"end":{"line":65,"column":28}},"loc":{"start":{"line":65,"column":40},"end":{"line":130,"column":7}},"line":65},"7":{"name":"(anonymous_7)","decl":{"start":{"line":69,"column":10},"end":{"line":69,"column":11}},"loc":{"start":{"line":69,"column":31},"end":{"line":114,"column":11}},"line":69},"8":{"name":"(anonymous_8)","decl":{"start":{"line":76,"column":47},"end":{"line":76,"column":48}},"loc":{"start":{"line":76,"column":52},"end":{"line":76,"column":79}},"line":76},"9":{"name":"(anonymous_9)","decl":{"start":{"line":119,"column":10},"end":{"line":119,"column":11}},"loc":{"start":{"line":119,"column":25},"end":{"line":128,"column":11}},"line":119},"10":{"name":"(anonymous_10)","decl":{"start":{"line":140,"column":12},"end":{"line":140,"column":13}},"loc":{"start":{"line":140,"column":18},"end":{"line":146,"column":3}},"line":140},"11":{"name":"(anonymous_11)","decl":{"start":{"line":149,"column":12},"end":{"line":149,"column":13}},"loc":{"start":{"line":149,"column":18},"end":{"line":156,"column":3}},"line":149},"12":{"name":"(anonymous_12)","decl":{"start":{"line":158,"column":20},"end":{"line":158,"column":21}},"loc":{"start":{"line":158,"column":32},"end":{"line":180,"column":3}},"line":158},"13":{"name":"(anonymous_13)","decl":{"start":{"line":161,"column":27},"end":{"line":161,"column":28}},"loc":{"start":{"line":161,"column":41},"end":{"line":176,"column":7}},"line":161},"14":{"name":"(anonymous_14)","decl":{"start":{"line":165,"column":10},"end":{"line":165,"column":11}},"loc":{"start":{"line":165,"column":25},"end":{"line":171,"column":11}},"line":165},"15":{"name":"(anonymous_15)","decl":{"start":{"line":172,"column":8},"end":{"line":172,"column":9}},"loc":{"start":{"line":172,"column":22},"end":{"line":174,"column":11}},"line":172},"16":{"name":"(anonymous_16)","decl":{"start":{"line":182,"column":23},"end":{"line":182,"column":24}},"loc":{"start":{"line":182,"column":35},"end":{"line":204,"column":3}},"line":182},"17":{"name":"(anonymous_17)","decl":{"start":{"line":185,"column":27},"end":{"line":185,"column":28}},"loc":{"start":{"line":185,"column":41},"end":{"line":200,"column":7}},"line":185},"18":{"name":"(anonymous_18)","decl":{"start":{"line":189,"column":10},"end":{"line":189,"column":11}},"loc":{"start":{"line":189,"column":25},"end":{"line":195,"column":11}},"line":189},"19":{"name":"(anonymous_19)","decl":{"start":{"line":196,"column":8},"end":{"line":196,"column":9}},"loc":{"start":{"line":196,"column":22},"end":{"line":198,"column":11}},"line":196},"20":{"name":"(anonymous_20)","decl":{"start":{"line":218,"column":39},"end":{"line":218,"column":40}},"loc":{"start":{"line":218,"column":43},"end":{"line":218,"column":57}},"line":218},"21":{"name":"(anonymous_21)","decl":{"start":{"line":222,"column":39},"end":{"line":222,"column":40}},"loc":{"start":{"line":222,"column":43},"end":{"line":222,"column":66}},"line":222},"22":{"name":"(anonymous_22)","decl":{"start":{"line":231,"column":41},"end":{"line":231,"column":42}},"loc":{"start":{"line":231,"column":45},"end":{"line":231,"column":54}},"line":231},"23":{"name":"(anonymous_23)","decl":{"start":{"line":251,"column":32},"end":{"line":251,"column":33}},"loc":{"start":{"line":251,"column":42},"end":{"line":251,"column":86}},"line":251},"24":{"name":"(anonymous_24)","decl":{"start":{"line":263,"column":32},"end":{"line":263,"column":33}},"loc":{"start":{"line":263,"column":42},"end":{"line":263,"column":84}},"line":263},"25":{"name":"(anonymous_25)","decl":{"start":{"line":275,"column":32},"end":{"line":275,"column":33}},"loc":{"start":{"line":275,"column":42},"end":{"line":275,"column":88}},"line":275},"26":{"name":"(anonymous_26)","decl":{"start":{"line":287,"column":32},"end":{"line":287,"column":33}},"loc":{"start":{"line":287,"column":42},"end":{"line":287,"column":85}},"line":287},"27":{"name":"(anonymous_27)","decl":{"start":{"line":299,"column":32},"end":{"line":299,"column":33}},"loc":{"start":{"line":299,"column":42},"end":{"line":299,"column":83}},"line":299},"28":{"name":"(anonymous_28)","decl":{"start":{"line":311,"column":32},"end":{"line":311,"column":33}},"loc":{"start":{"line":311,"column":42},"end":{"line":311,"column":85}},"line":311},"29":{"name":"(anonymous_29)","decl":{"start":{"line":325,"column":22},"end":{"line":325,"column":23}},"loc":{"start":{"line":325,"column":28},"end":{"line":325,"column":65}},"line":325},"30":{"name":"(anonymous_30)","decl":{"start":{"line":326,"column":23},"end":{"line":326,"column":24}},"loc":{"start":{"line":326,"column":29},"end":{"line":326,"column":67}},"line":326},"31":{"name":"(anonymous_31)","decl":{"start":{"line":327,"column":25},"end":{"line":327,"column":26}},"loc":{"start":{"line":327,"column":31},"end":{"line":327,"column":71}},"line":327},"32":{"name":"(anonymous_32)","decl":{"start":{"line":328,"column":25},"end":{"line":328,"column":26}},"loc":{"start":{"line":328,"column":31},"end":{"line":328,"column":71}},"line":328}},"branchMap":{"0":{"loc":{"start":{"line":70,"column":12},"end":{"line":113,"column":13}},"type":"if","locations":[{"start":{"line":70,"column":12},"end":{"line":113,"column":13}},{"start":{"line":104,"column":16},"end":{"line":113,"column":13}}],"line":70},"1":{"loc":{"start":{"line":79,"column":14},"end":{"line":102,"column":15}},"type":"if","locations":[{"start":{"line":79,"column":14},"end":{"line":102,"column":15}},{"start":{"line":92,"column":18},"end":{"line":102,"column":15}}],"line":79},"2":{"loc":{"start":{"line":120,"column":12},"end":{"line":127,"column":13}},"type":"if","locations":[{"start":{"line":120,"column":12},"end":{"line":127,"column":13}},{"start":{"line":125,"column":16},"end":{"line":127,"column":13}}],"line":120},"3":{"loc":{"start":{"line":142,"column":4},"end":{"line":145,"column":5}},"type":"if","locations":[{"start":{"line":142,"column":4},"end":{"line":145,"column":5}},{"start":{},"end":{}}],"line":142},"4":{"loc":{"start":{"line":150,"column":4},"end":{"line":155,"column":5}},"type":"if","locations":[{"start":{"line":150,"column":4},"end":{"line":155,"column":5}},{"start":{},"end":{}}],"line":150},"5":{"loc":{"start":{"line":166,"column":12},"end":{"line":170,"column":13}},"type":"if","locations":[{"start":{"line":166,"column":12},"end":{"line":170,"column":13}},{"start":{"line":168,"column":19},"end":{"line":170,"column":13}}],"line":166},"6":{"loc":{"start":{"line":190,"column":12},"end":{"line":194,"column":13}},"type":"if","locations":[{"start":{"line":190,"column":12},"end":{"line":194,"column":13}},{"start":{"line":192,"column":19},"end":{"line":194,"column":13}}],"line":190},"7":{"loc":{"start":{"line":224,"column":17},"end":{"line":224,"column":198}},"type":"cond-expr","locations":[{"start":{"line":224,"column":124},"end":{"line":224,"column":131}},{"start":{"line":224,"column":132},"end":{"line":224,"column":198}}],"line":224},"8":{"loc":{"start":{"line":229,"column":13},"end":{"line":238,"column":13}},"type":"cond-expr","locations":[{"start":{"line":231,"column":14},"end":{"line":233,"column":33}},{"start":{"line":237,"column":14},"end":{"line":237,"column":54}}],"line":229}},"s":{"0":2,"1":2,"2":2,"3":2,"4":2,"5":2,"6":2,"7":2,"8":2,"9":2,"10":2,"11":2,"12":2,"13":2,"14":2,"15":8,"16":2,"17":2,"18":0,"19":0,"20":0,"21":0,"22":2,"23":0,"24":0,"25":0,"26":0,"27":2,"28":0,"29":0,"30":0,"31":0,"32":0,"33":0,"34":0,"35":0,"36":0,"37":0,"38":0,"39":0,"40":0,"41":0,"42":0,"43":0,"44":0,"45":0,"46":0,"47":0,"48":0,"49":0,"50":0,"51":0,"52":0,"53":0,"54":0,"55":0,"56":0,"57":0,"58":0,"59":0,"60":0,"61":0,"62":0,"63":0,"64":0,"65":0,"66":0,"67":0,"68":0,"69":0,"70":0,"71":0,"72":0,"73":2,"74":2,"75":2,"76":0,"77":0,"78":2,"79":2,"80":0,"81":0,"82":0,"83":0,"84":2,"85":0,"86":0,"87":0,"88":0,"89":0,"90":0,"91":0,"92":0,"93":0,"94":2,"95":0,"96":0,"97":0,"98":0,"99":0,"100":0,"101":0,"102":0,"103":0,"104":2,"105":0,"106":0,"107":0,"108":0,"109":0,"110":0,"111":0,"112":0,"113":0,"114":0,"115":0,"116":0,"117":0,"118":0,"119":0,"120":0,"121":0,"122":0,"123":0,"124":3},"f":{"0":2,"1":8,"2":2,"3":0,"4":0,"5":0,"6":0,"7":0,"8":0,"9":0,"10":2,"11":2,"12":0,"13":0,"14":0,"15":0,"16":0,"17":0,"18":0,"19":0,"20":0,"21":0,"22":0,"23":0,"24":0,"25":0,"26":0,"27":0,"28":0,"29":0,"30":0,"31":0,"32":0},"b":{"0":[0,0],"1":[0,0],"2":[0,0],"3":[0,2],"4":[0,2],"5":[0,0],"6":[0,0],"7":[2,0],"8":[0,2]},"_coverageSchema":"1a1c01bbd47fc00a2c39e90264f33305004495a9","hash":"f2b4734c08f9b95c9b03df6a402d0d71990e7a80"}
,"/Users/shamiejegan/Documents/uol comsci/mobile_dev/CM3050-Finals/shedoff/scripts/goalScreen.js": {"path":"/Users/shamiejegan/Documents/uol comsci/mobile_dev/CM3050-Finals/shedoff/scripts/goalScreen.js","statementMap":{"0":{"start":{"line":19,"column":17},"end":{"line":19,"column":29}},"1":{"start":{"line":20,"column":20},"end":{"line":20,"column":34}},"2":{"start":{"line":22,"column":13},"end":{"line":22,"column":45}},"3":{"start":{"line":24,"column":44},"end":{"line":24,"column":55}},"4":{"start":{"line":27,"column":40},"end":{"line":27,"column":51}},"5":{"start":{"line":28,"column":36},"end":{"line":28,"column":56}},"6":{"start":{"line":29,"column":32},"end":{"line":29,"column":52}},"7":{"start":{"line":30,"column":43},"end":{"line":30,"column":54}},"8":{"start":{"line":32,"column":41},"end":{"line":32,"column":55}},"9":{"start":{"line":33,"column":41},"end":{"line":33,"column":57}},"10":{"start":{"line":34,"column":41},"end":{"line":34,"column":54}},"11":{"start":{"line":37,"column":34},"end":{"line":37,"column":45}},"12":{"start":{"line":38,"column":42},"end":{"line":38,"column":53}},"13":{"start":{"line":39,"column":36},"end":{"line":39,"column":47}},"14":{"start":{"line":40,"column":32},"end":{"line":40,"column":43}},"15":{"start":{"line":41,"column":36},"end":{"line":41,"column":47}},"16":{"start":{"line":43,"column":25},"end":{"line":43,"column":43}},"17":{"start":{"line":46,"column":4},"end":{"line":46,"column":68}},"18":{"start":{"line":50,"column":42},"end":{"line":50,"column":62}},"19":{"start":{"line":51,"column":23},"end":{"line":53,"column":3}},"20":{"start":{"line":52,"column":4},"end":{"line":52,"column":34}},"21":{"start":{"line":55,"column":56},"end":{"line":55,"column":71}},"22":{"start":{"line":56,"column":28},"end":{"line":60,"column":3}},"23":{"start":{"line":57,"column":4},"end":{"line":57,"column":31}},"24":{"start":{"line":58,"column":4},"end":{"line":58,"column":34}},"25":{"start":{"line":59,"column":4},"end":{"line":59,"column":25}},"26":{"start":{"line":61,"column":26},"end":{"line":63,"column":3}},"27":{"start":{"line":62,"column":4},"end":{"line":62,"column":34}},"28":{"start":{"line":65,"column":52},"end":{"line":65,"column":67}},"29":{"start":{"line":66,"column":26},"end":{"line":70,"column":3}},"30":{"start":{"line":67,"column":4},"end":{"line":67,"column":29}},"31":{"start":{"line":68,"column":4},"end":{"line":68,"column":32}},"32":{"start":{"line":69,"column":4},"end":{"line":69,"column":25}},"33":{"start":{"line":71,"column":24},"end":{"line":73,"column":3}},"34":{"start":{"line":72,"column":4},"end":{"line":72,"column":32}},"35":{"start":{"line":75,"column":25},"end":{"line":119,"column":3}},"36":{"start":{"line":76,"column":4},"end":{"line":117,"column":5}},"37":{"start":{"line":77,"column":6},"end":{"line":114,"column":9}},"38":{"start":{"line":78,"column":8},"end":{"line":99,"column":10}},"39":{"start":{"line":82,"column":12},"end":{"line":97,"column":13}},"40":{"start":{"line":83,"column":14},"end":{"line":83,"column":51}},"41":{"start":{"line":84,"column":14},"end":{"line":84,"column":67}},"42":{"start":{"line":85,"column":14},"end":{"line":85,"column":69}},"43":{"start":{"line":86,"column":14},"end":{"line":86,"column":63}},"44":{"start":{"line":87,"column":14},"end":{"line":87,"column":71}},"45":{"start":{"line":88,"column":14},"end":{"line":88,"column":65}},"46":{"start":{"line":89,"column":14},"end":{"line":89,"column":61}},"47":{"start":{"line":90,"column":14},"end":{"line":90,"column":65}},"48":{"start":{"line":91,"column":14},"end":{"line":91,"column":67}},"49":{"start":{"line":92,"column":14},"end":{"line":92,"column":73}},"50":{"start":{"line":93,"column":14},"end":{"line":93,"column":72}},"51":{"start":{"line":96,"column":14},"end":{"line":96,"column":23}},"52":{"start":{"line":100,"column":8},"end":{"line":113,"column":10}},"53":{"start":{"line":104,"column":12},"end":{"line":111,"column":13}},"54":{"start":{"line":105,"column":14},"end":{"line":105,"column":58}},"55":{"start":{"line":106,"column":14},"end":{"line":106,"column":58}},"56":{"start":{"line":107,"column":14},"end":{"line":107,"column":58}},"57":{"start":{"line":110,"column":14},"end":{"line":110,"column":23}},"58":{"start":{"line":116,"column":6},"end":{"line":116,"column":22}},"59":{"start":{"line":121,"column":2},"end":{"line":127,"column":18}},"60":{"start":{"line":123,"column":4},"end":{"line":125,"column":5}},"61":{"start":{"line":124,"column":6},"end":{"line":124,"column":23}},"62":{"start":{"line":130,"column":2},"end":{"line":136,"column":23}},"63":{"start":{"line":131,"column":4},"end":{"line":135,"column":5}},"64":{"start":{"line":132,"column":6},"end":{"line":132,"column":42}},"65":{"start":{"line":133,"column":6},"end":{"line":133,"column":19}},"66":{"start":{"line":134,"column":6},"end":{"line":134,"column":27}},"67":{"start":{"line":138,"column":21},"end":{"line":162,"column":3}},"68":{"start":{"line":139,"column":4},"end":{"line":161,"column":5}},"69":{"start":{"line":140,"column":6},"end":{"line":156,"column":8}},"70":{"start":{"line":141,"column":8},"end":{"line":155,"column":10}},"71":{"start":{"line":145,"column":12},"end":{"line":150,"column":13}},"72":{"start":{"line":146,"column":14},"end":{"line":146,"column":34}},"73":{"start":{"line":147,"column":14},"end":{"line":147,"column":64}},"74":{"start":{"line":149,"column":14},"end":{"line":149,"column":87}},"75":{"start":{"line":153,"column":12},"end":{"line":153,"column":80}},"76":{"start":{"line":160,"column":6},"end":{"line":160,"column":22}},"77":{"start":{"line":166,"column":2},"end":{"line":369,"column":4}},"78":{"start":{"line":197,"column":41},"end":{"line":197,"column":62}},"79":{"start":{"line":197,"column":62},"end":{"line":197,"column":83}},"80":{"start":{"line":206,"column":41},"end":{"line":206,"column":63}},"81":{"start":{"line":206,"column":63},"end":{"line":206,"column":84}},"82":{"start":{"line":223,"column":30},"end":{"line":223,"column":58}},"83":{"start":{"line":229,"column":30},"end":{"line":229,"column":56}},"84":{"start":{"line":252,"column":41},"end":{"line":252,"column":59}},"85":{"start":{"line":252,"column":59},"end":{"line":252,"column":80}},"86":{"start":{"line":267,"column":41},"end":{"line":267,"column":63}},"87":{"start":{"line":267,"column":63},"end":{"line":267,"column":84}},"88":{"start":{"line":282,"column":41},"end":{"line":282,"column":60}},"89":{"start":{"line":282,"column":60},"end":{"line":282,"column":81}},"90":{"start":{"line":297,"column":41},"end":{"line":297,"column":58}},"91":{"start":{"line":297,"column":58},"end":{"line":297,"column":79}},"92":{"start":{"line":312,"column":41},"end":{"line":312,"column":60}},"93":{"start":{"line":312,"column":60},"end":{"line":312,"column":81}},"94":{"start":{"line":361,"column":29},"end":{"line":361,"column":64}},"95":{"start":{"line":362,"column":30},"end":{"line":362,"column":66}},"96":{"start":{"line":363,"column":32},"end":{"line":363,"column":70}},"97":{"start":{"line":364,"column":32},"end":{"line":364,"column":70}},"98":{"start":{"line":371,"column":15},"end":{"line":423,"column":2}}},"fnMap":{"0":{"name":"GoalScreen","decl":{"start":{"line":17,"column":24},"end":{"line":17,"column":34}},"loc":{"start":{"line":17,"column":55},"end":{"line":370,"column":1}},"line":17},"1":{"name":"reduceDateGranularity","decl":{"start":{"line":45,"column":11},"end":{"line":45,"column":32}},"loc":{"start":{"line":45,"column":50},"end":{"line":47,"column":3}},"line":45},"2":{"name":"(anonymous_2)","decl":{"start":{"line":51,"column":23},"end":{"line":51,"column":24}},"loc":{"start":{"line":51,"column":47},"end":{"line":53,"column":3}},"line":51},"3":{"name":"(anonymous_3)","decl":{"start":{"line":56,"column":28},"end":{"line":56,"column":29}},"loc":{"start":{"line":56,"column":34},"end":{"line":60,"column":3}},"line":56},"4":{"name":"(anonymous_4)","decl":{"start":{"line":61,"column":26},"end":{"line":61,"column":27}},"loc":{"start":{"line":61,"column":32},"end":{"line":63,"column":3}},"line":61},"5":{"name":"(anonymous_5)","decl":{"start":{"line":66,"column":26},"end":{"line":66,"column":27}},"loc":{"start":{"line":66,"column":32},"end":{"line":70,"column":3}},"line":66},"6":{"name":"(anonymous_6)","decl":{"start":{"line":71,"column":24},"end":{"line":71,"column":25}},"loc":{"start":{"line":71,"column":30},"end":{"line":73,"column":3}},"line":71},"7":{"name":"(anonymous_7)","decl":{"start":{"line":75,"column":25},"end":{"line":75,"column":26}},"loc":{"start":{"line":75,"column":37},"end":{"line":119,"column":3}},"line":75},"8":{"name":"(anonymous_8)","decl":{"start":{"line":77,"column":27},"end":{"line":77,"column":28}},"loc":{"start":{"line":77,"column":40},"end":{"line":114,"column":7}},"line":77},"9":{"name":"(anonymous_9)","decl":{"start":{"line":81,"column":10},"end":{"line":81,"column":11}},"loc":{"start":{"line":81,"column":29},"end":{"line":98,"column":11}},"line":81},"10":{"name":"(anonymous_10)","decl":{"start":{"line":103,"column":10},"end":{"line":103,"column":11}},"loc":{"start":{"line":103,"column":25},"end":{"line":112,"column":11}},"line":103},"11":{"name":"(anonymous_11)","decl":{"start":{"line":121,"column":12},"end":{"line":121,"column":13}},"loc":{"start":{"line":121,"column":18},"end":{"line":127,"column":3}},"line":121},"12":{"name":"(anonymous_12)","decl":{"start":{"line":130,"column":12},"end":{"line":130,"column":13}},"loc":{"start":{"line":130,"column":18},"end":{"line":136,"column":3}},"line":130},"13":{"name":"(anonymous_13)","decl":{"start":{"line":138,"column":21},"end":{"line":138,"column":22}},"loc":{"start":{"line":138,"column":33},"end":{"line":162,"column":3}},"line":138},"14":{"name":"(anonymous_14)","decl":{"start":{"line":140,"column":27},"end":{"line":140,"column":28}},"loc":{"start":{"line":140,"column":41},"end":{"line":156,"column":7}},"line":140},"15":{"name":"(anonymous_15)","decl":{"start":{"line":144,"column":10},"end":{"line":144,"column":11}},"loc":{"start":{"line":144,"column":25},"end":{"line":151,"column":11}},"line":144},"16":{"name":"(anonymous_16)","decl":{"start":{"line":152,"column":10},"end":{"line":152,"column":11}},"loc":{"start":{"line":152,"column":24},"end":{"line":154,"column":11}},"line":152},"17":{"name":"(anonymous_17)","decl":{"start":{"line":197,"column":30},"end":{"line":197,"column":31}},"loc":{"start":{"line":197,"column":40},"end":{"line":197,"column":84}},"line":197},"18":{"name":"(anonymous_18)","decl":{"start":{"line":206,"column":30},"end":{"line":206,"column":31}},"loc":{"start":{"line":206,"column":40},"end":{"line":206,"column":85}},"line":206},"19":{"name":"(anonymous_19)","decl":{"start":{"line":223,"column":25},"end":{"line":223,"column":26}},"loc":{"start":{"line":223,"column":30},"end":{"line":223,"column":58}},"line":223},"20":{"name":"(anonymous_20)","decl":{"start":{"line":229,"column":25},"end":{"line":229,"column":26}},"loc":{"start":{"line":229,"column":30},"end":{"line":229,"column":56}},"line":229},"21":{"name":"(anonymous_21)","decl":{"start":{"line":252,"column":30},"end":{"line":252,"column":31}},"loc":{"start":{"line":252,"column":40},"end":{"line":252,"column":81}},"line":252},"22":{"name":"(anonymous_22)","decl":{"start":{"line":267,"column":30},"end":{"line":267,"column":31}},"loc":{"start":{"line":267,"column":40},"end":{"line":267,"column":85}},"line":267},"23":{"name":"(anonymous_23)","decl":{"start":{"line":282,"column":30},"end":{"line":282,"column":31}},"loc":{"start":{"line":282,"column":40},"end":{"line":282,"column":82}},"line":282},"24":{"name":"(anonymous_24)","decl":{"start":{"line":297,"column":30},"end":{"line":297,"column":31}},"loc":{"start":{"line":297,"column":40},"end":{"line":297,"column":80}},"line":297},"25":{"name":"(anonymous_25)","decl":{"start":{"line":312,"column":30},"end":{"line":312,"column":31}},"loc":{"start":{"line":312,"column":40},"end":{"line":312,"column":82}},"line":312},"26":{"name":"(anonymous_26)","decl":{"start":{"line":361,"column":22},"end":{"line":361,"column":23}},"loc":{"start":{"line":361,"column":28},"end":{"line":361,"column":65}},"line":361},"27":{"name":"(anonymous_27)","decl":{"start":{"line":362,"column":23},"end":{"line":362,"column":24}},"loc":{"start":{"line":362,"column":29},"end":{"line":362,"column":67}},"line":362},"28":{"name":"(anonymous_28)","decl":{"start":{"line":363,"column":25},"end":{"line":363,"column":26}},"loc":{"start":{"line":363,"column":31},"end":{"line":363,"column":71}},"line":363},"29":{"name":"(anonymous_29)","decl":{"start":{"line":364,"column":25},"end":{"line":364,"column":26}},"loc":{"start":{"line":364,"column":31},"end":{"line":364,"column":71}},"line":364}},"branchMap":{"0":{"loc":{"start":{"line":82,"column":12},"end":{"line":97,"column":13}},"type":"if","locations":[{"start":{"line":82,"column":12},"end":{"line":97,"column":13}},{"start":{"line":95,"column":16},"end":{"line":97,"column":13}}],"line":82},"1":{"loc":{"start":{"line":104,"column":12},"end":{"line":111,"column":13}},"type":"if","locations":[{"start":{"line":104,"column":12},"end":{"line":111,"column":13}},{"start":{"line":109,"column":16},"end":{"line":111,"column":13}}],"line":104},"2":{"loc":{"start":{"line":123,"column":4},"end":{"line":125,"column":5}},"type":"if","locations":[{"start":{"line":123,"column":4},"end":{"line":125,"column":5}},{"start":{},"end":{}}],"line":123},"3":{"loc":{"start":{"line":131,"column":4},"end":{"line":135,"column":5}},"type":"if","locations":[{"start":{"line":131,"column":4},"end":{"line":135,"column":5}},{"start":{},"end":{}}],"line":131},"4":{"loc":{"start":{"line":145,"column":12},"end":{"line":150,"column":13}},"type":"if","locations":[{"start":{"line":145,"column":12},"end":{"line":150,"column":13}},{"start":{"line":148,"column":19},"end":{"line":150,"column":13}}],"line":145},"5":{"loc":{"start":{"line":323,"column":7},"end":{"line":339,"column":13}},"type":"cond-expr","locations":[{"start":{"line":324,"column":12},"end":{"line":338,"column":19}},{"start":{"line":339,"column":9},"end":{"line":339,"column":13}}],"line":323},"6":{"loc":{"start":{"line":336,"column":25},"end":{"line":336,"column":70}},"type":"cond-expr","locations":[{"start":{"line":336,"column":49},"end":{"line":336,"column":58}},{"start":{"line":336,"column":61},"end":{"line":336,"column":70}}],"line":336},"7":{"loc":{"start":{"line":341,"column":7},"end":{"line":357,"column":13}},"type":"cond-expr","locations":[{"start":{"line":342,"column":12},"end":{"line":356,"column":19}},{"start":{"line":357,"column":9},"end":{"line":357,"column":13}}],"line":341},"8":{"loc":{"start":{"line":354,"column":25},"end":{"line":354,"column":70}},"type":"cond-expr","locations":[{"start":{"line":354,"column":49},"end":{"line":354,"column":58}},{"start":{"line":354,"column":61},"end":{"line":354,"column":70}}],"line":354}},"s":{"0":2,"1":2,"2":2,"3":2,"4":2,"5":2,"6":2,"7":2,"8":2,"9":2,"10":2,"11":2,"12":2,"13":2,"14":2,"15":2,"16":2,"17":0,"18":2,"19":2,"20":0,"21":2,"22":2,"23":0,"24":0,"25":0,"26":2,"27":0,"28":2,"29":2,"30":0,"31":0,"32":0,"33":2,"34":0,"35":2,"36":0,"37":0,"38":0,"39":0,"40":0,"41":0,"42":0,"43":0,"44":0,"45":0,"46":0,"47":0,"48":0,"49":0,"50":0,"51":0,"52":0,"53":0,"54":0,"55":0,"56":0,"57":0,"58":0,"59":2,"60":2,"61":0,"62":2,"63":2,"64":0,"65":0,"66":0,"67":2,"68":0,"69":0,"70":0,"71":0,"72":0,"73":0,"74":0,"75":0,"76":0,"77":2,"78":0,"79":0,"80":0,"81":0,"82":0,"83":0,"84":0,"85":0,"86":0,"87":0,"88":0,"89":0,"90":0,"91":0,"92":0,"93":0,"94":0,"95":0,"96":0,"97":0,"98":3},"f":{"0":2,"1":0,"2":0,"3":0,"4":0,"5":0,"6":0,"7":0,"8":0,"9":0,"10":0,"11":2,"12":2,"13":0,"14":0,"15":0,"16":0,"17":0,"18":0,"19":0,"20":0,"21":0,"22":0,"23":0,"24":0,"25":0,"26":0,"27":0,"28":0,"29":0},"b":{"0":[0,0],"1":[0,0],"2":[0,2],"3":[0,2],"4":[0,0],"5":[0,2],"6":[0,0],"7":[0,2],"8":[0,0]},"_coverageSchema":"1a1c01bbd47fc00a2c39e90264f33305004495a9","hash":"7993cce8b3dff0841445cad9a1e86f91342b291f"}
,"/Users/shamiejegan/Documents/uol comsci/mobile_dev/CM3050-Finals/shedoff/scripts/homeScreen.js": {"path":"/Users/shamiejegan/Documents/uol comsci/mobile_dev/CM3050-Finals/shedoff/scripts/homeScreen.js","statementMap":{"0":{"start":{"line":15,"column":17},"end":{"line":15,"column":29}},"1":{"start":{"line":16,"column":20},"end":{"line":16,"column":34}},"2":{"start":{"line":18,"column":13},"end":{"line":18,"column":45}},"3":{"start":{"line":20,"column":36},"end":{"line":20,"column":161}},"4":{"start":{"line":22,"column":41},"end":{"line":22,"column":55}},"5":{"start":{"line":23,"column":41},"end":{"line":23,"column":57}},"6":{"start":{"line":24,"column":41},"end":{"line":24,"column":54}},"7":{"start":{"line":26,"column":43},"end":{"line":26,"column":54}},"8":{"start":{"line":27,"column":41},"end":{"line":27,"column":52}},"9":{"start":{"line":29,"column":39},"end":{"line":29,"column":50}},"10":{"start":{"line":30,"column":37},"end":{"line":30,"column":48}},"11":{"start":{"line":32,"column":42},"end":{"line":32,"column":53}},"12":{"start":{"line":34,"column":25},"end":{"line":34,"column":43}},"13":{"start":{"line":36,"column":34},"end":{"line":36,"column":45}},"14":{"start":{"line":37,"column":42},"end":{"line":37,"column":53}},"15":{"start":{"line":38,"column":36},"end":{"line":38,"column":47}},"16":{"start":{"line":39,"column":32},"end":{"line":39,"column":43}},"17":{"start":{"line":40,"column":36},"end":{"line":40,"column":47}},"18":{"start":{"line":44,"column":4},"end":{"line":44,"column":68}},"19":{"start":{"line":47,"column":25},"end":{"line":130,"column":3}},"20":{"start":{"line":48,"column":4},"end":{"line":128,"column":5}},"21":{"start":{"line":49,"column":6},"end":{"line":125,"column":9}},"22":{"start":{"line":50,"column":8},"end":{"line":64,"column":10}},"23":{"start":{"line":54,"column":12},"end":{"line":62,"column":13}},"24":{"start":{"line":55,"column":14},"end":{"line":55,"column":58}},"25":{"start":{"line":56,"column":14},"end":{"line":56,"column":58}},"26":{"start":{"line":57,"column":14},"end":{"line":57,"column":58}},"27":{"start":{"line":58,"column":14},"end":{"line":58,"column":47}},"28":{"start":{"line":61,"column":14},"end":{"line":61,"column":23}},"29":{"start":{"line":65,"column":8},"end":{"line":85,"column":10}},"30":{"start":{"line":69,"column":12},"end":{"line":83,"column":13}},"31":{"start":{"line":70,"column":14},"end":{"line":70,"column":65}},"32":{"start":{"line":71,"column":14},"end":{"line":71,"column":63}},"33":{"start":{"line":72,"column":14},"end":{"line":72,"column":61}},"34":{"start":{"line":73,"column":14},"end":{"line":73,"column":59}},"35":{"start":{"line":74,"column":14},"end":{"line":74,"column":59}},"36":{"start":{"line":75,"column":14},"end":{"line":75,"column":67}},"37":{"start":{"line":76,"column":14},"end":{"line":76,"column":61}},"38":{"start":{"line":77,"column":14},"end":{"line":77,"column":57}},"39":{"start":{"line":78,"column":14},"end":{"line":78,"column":61}},"40":{"start":{"line":79,"column":14},"end":{"line":79,"column":47}},"41":{"start":{"line":82,"column":14},"end":{"line":82,"column":23}},"42":{"start":{"line":87,"column":8},"end":{"line":99,"column":10}},"43":{"start":{"line":91,"column":12},"end":{"line":97,"column":13}},"44":{"start":{"line":92,"column":14},"end":{"line":92,"column":58}},"45":{"start":{"line":93,"column":14},"end":{"line":93,"column":67}},"46":{"start":{"line":96,"column":14},"end":{"line":96,"column":33}},"47":{"start":{"line":100,"column":8},"end":{"line":124,"column":10}},"48":{"start":{"line":105,"column":12},"end":{"line":105,"column":89}},"49":{"start":{"line":107,"column":12},"end":{"line":122,"column":13}},"50":{"start":{"line":109,"column":28},"end":{"line":109,"column":55}},"51":{"start":{"line":110,"column":14},"end":{"line":110,"column":48}},"52":{"start":{"line":112,"column":29},"end":{"line":112,"column":108}},"53":{"start":{"line":112,"column":47},"end":{"line":112,"column":107}},"54":{"start":{"line":114,"column":14},"end":{"line":116,"column":15}},"55":{"start":{"line":115,"column":16},"end":{"line":115,"column":40}},"56":{"start":{"line":118,"column":14},"end":{"line":118,"column":57}},"57":{"start":{"line":121,"column":14},"end":{"line":121,"column":23}},"58":{"start":{"line":127,"column":6},"end":{"line":127,"column":22}},"59":{"start":{"line":132,"column":2},"end":{"line":139,"column":18}},"60":{"start":{"line":134,"column":4},"end":{"line":137,"column":5}},"61":{"start":{"line":135,"column":6},"end":{"line":135,"column":38}},"62":{"start":{"line":136,"column":6},"end":{"line":136,"column":23}},"63":{"start":{"line":143,"column":17},"end":{"line":143,"column":74}},"64":{"start":{"line":144,"column":17},"end":{"line":144,"column":41}},"65":{"start":{"line":145,"column":23},"end":{"line":145,"column":64}},"66":{"start":{"line":146,"column":29},"end":{"line":146,"column":85}},"67":{"start":{"line":148,"column":17},"end":{"line":148,"column":103}},"68":{"start":{"line":149,"column":15},"end":{"line":149,"column":109}},"69":{"start":{"line":150,"column":17},"end":{"line":150,"column":82}},"70":{"start":{"line":152,"column":21},"end":{"line":152,"column":165}},"71":{"start":{"line":153,"column":20},"end":{"line":153,"column":82}},"72":{"start":{"line":154,"column":20},"end":{"line":154,"column":61}},"73":{"start":{"line":155,"column":20},"end":{"line":155,"column":64}},"74":{"start":{"line":156,"column":20},"end":{"line":156,"column":63}},"75":{"start":{"line":157,"column":20},"end":{"line":157,"column":135}},"76":{"start":{"line":159,"column":2},"end":{"line":275,"column":4}},"77":{"start":{"line":179,"column":28},"end":{"line":179,"column":66}},"78":{"start":{"line":187,"column":28},"end":{"line":187,"column":66}},"79":{"start":{"line":195,"column":28},"end":{"line":195,"column":66}},"80":{"start":{"line":203,"column":28},"end":{"line":203,"column":66}},"81":{"start":{"line":211,"column":28},"end":{"line":211,"column":66}},"82":{"start":{"line":219,"column":28},"end":{"line":219,"column":66}},"83":{"start":{"line":228,"column":28},"end":{"line":228,"column":65}},"84":{"start":{"line":266,"column":25},"end":{"line":266,"column":60}},"85":{"start":{"line":267,"column":26},"end":{"line":267,"column":62}},"86":{"start":{"line":268,"column":28},"end":{"line":268,"column":66}},"87":{"start":{"line":269,"column":28},"end":{"line":269,"column":66}},"88":{"start":{"line":278,"column":15},"end":{"line":360,"column":4}}},"fnMap":{"0":{"name":"HomeScreen","decl":{"start":{"line":13,"column":24},"end":{"line":13,"column":34}},"loc":{"start":{"line":13,"column":54},"end":{"line":276,"column":1}},"line":13},"1":{"name":"reduceDateGranularity","decl":{"start":{"line":43,"column":11},"end":{"line":43,"column":32}},"loc":{"start":{"line":43,"column":50},"end":{"line":45,"column":3}},"line":43},"2":{"name":"(anonymous_2)","decl":{"start":{"line":47,"column":25},"end":{"line":47,"column":26}},"loc":{"start":{"line":47,"column":37},"end":{"line":130,"column":3}},"line":47},"3":{"name":"(anonymous_3)","decl":{"start":{"line":49,"column":27},"end":{"line":49,"column":28}},"loc":{"start":{"line":49,"column":40},"end":{"line":125,"column":7}},"line":49},"4":{"name":"(anonymous_4)","decl":{"start":{"line":53,"column":10},"end":{"line":53,"column":11}},"loc":{"start":{"line":53,"column":25},"end":{"line":63,"column":11}},"line":53},"5":{"name":"(anonymous_5)","decl":{"start":{"line":68,"column":10},"end":{"line":68,"column":11}},"loc":{"start":{"line":68,"column":25},"end":{"line":84,"column":11}},"line":68},"6":{"name":"(anonymous_6)","decl":{"start":{"line":90,"column":10},"end":{"line":90,"column":11}},"loc":{"start":{"line":90,"column":25},"end":{"line":98,"column":11}},"line":90},"7":{"name":"(anonymous_7)","decl":{"start":{"line":103,"column":10},"end":{"line":103,"column":11}},"loc":{"start":{"line":103,"column":31},"end":{"line":123,"column":11}},"line":103},"8":{"name":"(anonymous_8)","decl":{"start":{"line":112,"column":42},"end":{"line":112,"column":43}},"loc":{"start":{"line":112,"column":47},"end":{"line":112,"column":107}},"line":112},"9":{"name":"(anonymous_9)","decl":{"start":{"line":132,"column":12},"end":{"line":132,"column":13}},"loc":{"start":{"line":132,"column":18},"end":{"line":139,"column":3}},"line":132},"10":{"name":"(anonymous_10)","decl":{"start":{"line":179,"column":21},"end":{"line":179,"column":22}},"loc":{"start":{"line":179,"column":27},"end":{"line":179,"column":67}},"line":179},"11":{"name":"(anonymous_11)","decl":{"start":{"line":187,"column":21},"end":{"line":187,"column":22}},"loc":{"start":{"line":187,"column":27},"end":{"line":187,"column":67}},"line":187},"12":{"name":"(anonymous_12)","decl":{"start":{"line":195,"column":21},"end":{"line":195,"column":22}},"loc":{"start":{"line":195,"column":27},"end":{"line":195,"column":67}},"line":195},"13":{"name":"(anonymous_13)","decl":{"start":{"line":203,"column":21},"end":{"line":203,"column":22}},"loc":{"start":{"line":203,"column":27},"end":{"line":203,"column":67}},"line":203},"14":{"name":"(anonymous_14)","decl":{"start":{"line":211,"column":21},"end":{"line":211,"column":22}},"loc":{"start":{"line":211,"column":27},"end":{"line":211,"column":67}},"line":211},"15":{"name":"(anonymous_15)","decl":{"start":{"line":219,"column":21},"end":{"line":219,"column":22}},"loc":{"start":{"line":219,"column":27},"end":{"line":219,"column":67}},"line":219},"16":{"name":"(anonymous_16)","decl":{"start":{"line":228,"column":21},"end":{"line":228,"column":22}},"loc":{"start":{"line":228,"column":27},"end":{"line":228,"column":66}},"line":228},"17":{"name":"(anonymous_17)","decl":{"start":{"line":266,"column":18},"end":{"line":266,"column":19}},"loc":{"start":{"line":266,"column":24},"end":{"line":266,"column":61}},"line":266},"18":{"name":"(anonymous_18)","decl":{"start":{"line":267,"column":19},"end":{"line":267,"column":20}},"loc":{"start":{"line":267,"column":25},"end":{"line":267,"column":63}},"line":267},"19":{"name":"(anonymous_19)","decl":{"start":{"line":268,"column":21},"end":{"line":268,"column":22}},"loc":{"start":{"line":268,"column":27},"end":{"line":268,"column":67}},"line":268},"20":{"name":"(anonymous_20)","decl":{"start":{"line":269,"column":21},"end":{"line":269,"column":22}},"loc":{"start":{"line":269,"column":27},"end":{"line":269,"column":67}},"line":269}},"branchMap":{"0":{"loc":{"start":{"line":54,"column":12},"end":{"line":62,"column":13}},"type":"if","locations":[{"start":{"line":54,"column":12},"end":{"line":62,"column":13}},{"start":{"line":60,"column":16},"end":{"line":62,"column":13}}],"line":54},"1":{"loc":{"start":{"line":69,"column":12},"end":{"line":83,"column":13}},"type":"if","locations":[{"start":{"line":69,"column":12},"end":{"line":83,"column":13}},{"start":{"line":81,"column":16},"end":{"line":83,"column":13}}],"line":69},"2":{"loc":{"start":{"line":91,"column":12},"end":{"line":97,"column":13}},"type":"if","locations":[{"start":{"line":91,"column":12},"end":{"line":97,"column":13}},{"start":{"line":95,"column":16},"end":{"line":97,"column":13}}],"line":91},"3":{"loc":{"start":{"line":107,"column":12},"end":{"line":122,"column":13}},"type":"if","locations":[{"start":{"line":107,"column":12},"end":{"line":122,"column":13}},{"start":{"line":120,"column":16},"end":{"line":122,"column":13}}],"line":107},"4":{"loc":{"start":{"line":114,"column":14},"end":{"line":116,"column":15}},"type":"if","locations":[{"start":{"line":114,"column":14},"end":{"line":116,"column":15}},{"start":{},"end":{}}],"line":114},"5":{"loc":{"start":{"line":134,"column":4},"end":{"line":137,"column":5}},"type":"if","locations":[{"start":{"line":134,"column":4},"end":{"line":137,"column":5}},{"start":{},"end":{}}],"line":134},"6":{"loc":{"start":{"line":143,"column":30},"end":{"line":143,"column":73}},"type":"cond-expr","locations":[{"start":{"line":143,"column":48},"end":{"line":143,"column":59}},{"start":{"line":143,"column":61},"end":{"line":143,"column":73}}],"line":143},"7":{"loc":{"start":{"line":152,"column":21},"end":{"line":152,"column":165}},"type":"cond-expr","locations":[{"start":{"line":152,"column":58},"end":{"line":152,"column":83}},{"start":{"line":152,"column":86},"end":{"line":152,"column":165}}],"line":152},"8":{"loc":{"start":{"line":157,"column":67},"end":{"line":157,"column":134}},"type":"cond-expr","locations":[{"start":{"line":157,"column":104},"end":{"line":157,"column":129}},{"start":{"line":157,"column":132},"end":{"line":157,"column":134}}],"line":157},"9":{"loc":{"start":{"line":178,"column":19},"end":{"line":178,"column":59}},"type":"cond-expr","locations":[{"start":{"line":178,"column":38},"end":{"line":178,"column":55}},{"start":{"line":178,"column":56},"end":{"line":178,"column":59}}],"line":178},"10":{"loc":{"start":{"line":186,"column":19},"end":{"line":186,"column":55}},"type":"cond-expr","locations":[{"start":{"line":186,"column":36},"end":{"line":186,"column":51}},{"start":{"line":186,"column":52},"end":{"line":186,"column":55}}],"line":186},"11":{"loc":{"start":{"line":194,"column":19},"end":{"line":194,"column":63}},"type":"cond-expr","locations":[{"start":{"line":194,"column":40},"end":{"line":194,"column":59}},{"start":{"line":194,"column":60},"end":{"line":194,"column":63}}],"line":194},"12":{"loc":{"start":{"line":202,"column":19},"end":{"line":202,"column":57}},"type":"cond-expr","locations":[{"start":{"line":202,"column":37},"end":{"line":202,"column":53}},{"start":{"line":202,"column":54},"end":{"line":202,"column":57}}],"line":202},"13":{"loc":{"start":{"line":210,"column":19},"end":{"line":210,"column":53}},"type":"cond-expr","locations":[{"start":{"line":210,"column":35},"end":{"line":210,"column":49}},{"start":{"line":210,"column":50},"end":{"line":210,"column":53}}],"line":210},"14":{"loc":{"start":{"line":218,"column":19},"end":{"line":218,"column":57}},"type":"cond-expr","locations":[{"start":{"line":218,"column":37},"end":{"line":218,"column":53}},{"start":{"line":218,"column":54},"end":{"line":218,"column":57}}],"line":218}},"s":{"0":2,"1":2,"2":2,"3":2,"4":2,"5":2,"6":2,"7":2,"8":2,"9":2,"10":2,"11":2,"12":2,"13":2,"14":2,"15":2,"16":2,"17":2,"18":8,"19":2,"20":0,"21":0,"22":0,"23":0,"24":0,"25":0,"26":0,"27":0,"28":0,"29":0,"30":0,"31":0,"32":0,"33":0,"34":0,"35":0,"36":0,"37":0,"38":0,"39":0,"40":0,"41":0,"42":0,"43":0,"44":0,"45":0,"46":0,"47":0,"48":0,"49":0,"50":0,"51":0,"52":0,"53":0,"54":0,"55":0,"56":0,"57":0,"58":0,"59":2,"60":2,"61":0,"62":0,"63":2,"64":2,"65":2,"66":2,"67":2,"68":2,"69":2,"70":2,"71":2,"72":2,"73":2,"74":2,"75":2,"76":2,"77":0,"78":0,"79":0,"80":0,"81":0,"82":0,"83":0,"84":0,"85":0,"86":0,"87":0,"88":3},"f":{"0":2,"1":8,"2":0,"3":0,"4":0,"5":0,"6":0,"7":0,"8":0,"9":2,"10":0,"11":0,"12":0,"13":0,"14":0,"15":0,"16":0,"17":0,"18":0,"19":0,"20":0},"b":{"0":[0,0],"1":[0,0],"2":[0,0],"3":[0,0],"4":[0,0],"5":[0,2],"6":[2,0],"7":[0,2],"8":[0,2],"9":[0,2],"10":[0,2],"11":[0,2],"12":[0,2],"13":[0,2],"14":[0,2]},"_coverageSchema":"1a1c01bbd47fc00a2c39e90264f33305004495a9","hash":"e5917071cfe037bde5e52e83c426fb3b43cc87fe"}
,"/Users/shamiejegan/Documents/uol comsci/mobile_dev/CM3050-Finals/shedoff/scripts/mainContainer.js": {"path":"/Users/shamiejegan/Documents/uol comsci/mobile_dev/CM3050-Finals/shedoff/scripts/mainContainer.js","statementMap":{"0":{"start":{"line":21,"column":16},"end":{"line":21,"column":25}},"1":{"start":{"line":22,"column":15},"end":{"line":22,"column":24}},"2":{"start":{"line":23,"column":19},"end":{"line":23,"column":34}},"3":{"start":{"line":24,"column":17},"end":{"line":24,"column":29}},"4":{"start":{"line":25,"column":15},"end":{"line":25,"column":24}},"5":{"start":{"line":28,"column":19},"end":{"line":28,"column":25}},"6":{"start":{"line":29,"column":19},"end":{"line":29,"column":26}},"7":{"start":{"line":30,"column":22},"end":{"line":30,"column":31}},"8":{"start":{"line":32,"column":22},"end":{"line":32,"column":31}},"9":{"start":{"line":36,"column":14},"end":{"line":36,"column":36}},"10":{"start":{"line":40,"column":4},"end":{"line":59,"column":6}}},"fnMap":{"0":{"name":"MainContainer","decl":{"start":{"line":38,"column":24},"end":{"line":38,"column":37}},"loc":{"start":{"line":38,"column":39},"end":{"line":60,"column":1}},"line":38}},"branchMap":{},"s":{"0":1,"1":1,"2":1,"3":1,"4":1,"5":1,"6":1,"7":1,"8":1,"9":1,"10":1},"f":{"0":1},"b":{},"_coverageSchema":"1a1c01bbd47fc00a2c39e90264f33305004495a9","hash":"d9bd2780363b8cb17f467387e81481750e80be43"}
,"/Users/shamiejegan/Documents/uol comsci/mobile_dev/CM3050-Finals/shedoff/scripts/profileScreen.js": {"path":"/Users/shamiejegan/Documents/uol comsci/mobile_dev/CM3050-Finals/shedoff/scripts/profileScreen.js","statementMap":{"0":{"start":{"line":20,"column":17},"end":{"line":20,"column":29}},"1":{"start":{"line":21,"column":20},"end":{"line":21,"column":34}},"2":{"start":{"line":23,"column":13},"end":{"line":23,"column":45}},"3":{"start":{"line":25,"column":26},"end":{"line":25,"column":38}},"4":{"start":{"line":26,"column":22},"end":{"line":26,"column":33}},"5":{"start":{"line":27,"column":28},"end":{"line":27,"column":40}},"6":{"start":{"line":28,"column":28},"end":{"line":28,"column":39}},"7":{"start":{"line":30,"column":41},"end":{"line":30,"column":55}},"8":{"start":{"line":31,"column":41},"end":{"line":31,"column":55}},"9":{"start":{"line":32,"column":41},"end":{"line":32,"column":54}},"10":{"start":{"line":33,"column":41},"end":{"line":33,"column":57}},"11":{"start":{"line":36,"column":46},"end":{"line":36,"column":61}},"12":{"start":{"line":37,"column":42},"end":{"line":37,"column":62}},"13":{"start":{"line":38,"column":23},"end":{"line":40,"column":3}},"14":{"start":{"line":39,"column":4},"end":{"line":39,"column":34}},"15":{"start":{"line":41,"column":23},"end":{"line":44,"column":3}},"16":{"start":{"line":42,"column":4},"end":{"line":42,"column":25}},"17":{"start":{"line":43,"column":4},"end":{"line":43,"column":29}},"18":{"start":{"line":45,"column":21},"end":{"line":47,"column":3}},"19":{"start":{"line":46,"column":4},"end":{"line":46,"column":29}},"20":{"start":{"line":49,"column":25},"end":{"line":90,"column":3}},"21":{"start":{"line":50,"column":4},"end":{"line":88,"column":5}},"22":{"start":{"line":51,"column":6},"end":{"line":85,"column":9}},"23":{"start":{"line":52,"column":8},"end":{"line":68,"column":10}},"24":{"start":{"line":56,"column":12},"end":{"line":66,"column":13}},"25":{"start":{"line":58,"column":14},"end":{"line":58,"column":53}},"26":{"start":{"line":59,"column":14},"end":{"line":59,"column":56}},"27":{"start":{"line":60,"column":14},"end":{"line":60,"column":62}},"28":{"start":{"line":61,"column":14},"end":{"line":61,"column":58}},"29":{"start":{"line":62,"column":14},"end":{"line":62,"column":58}},"30":{"start":{"line":65,"column":14},"end":{"line":65,"column":23}},"31":{"start":{"line":69,"column":8},"end":{"line":84,"column":10}},"32":{"start":{"line":73,"column":12},"end":{"line":82,"column":13}},"33":{"start":{"line":74,"column":14},"end":{"line":74,"column":53}},"34":{"start":{"line":75,"column":14},"end":{"line":75,"column":64}},"35":{"start":{"line":76,"column":14},"end":{"line":76,"column":64}},"36":{"start":{"line":77,"column":14},"end":{"line":77,"column":64}},"37":{"start":{"line":78,"column":14},"end":{"line":78,"column":64}},"38":{"start":{"line":81,"column":14},"end":{"line":81,"column":23}},"39":{"start":{"line":87,"column":6},"end":{"line":87,"column":22}},"40":{"start":{"line":92,"column":2},"end":{"line":98,"column":18}},"41":{"start":{"line":94,"column":4},"end":{"line":96,"column":5}},"42":{"start":{"line":95,"column":6},"end":{"line":95,"column":23}},"43":{"start":{"line":102,"column":21},"end":{"line":151,"column":3}},"44":{"start":{"line":103,"column":4},"end":{"line":150,"column":5}},"45":{"start":{"line":104,"column":6},"end":{"line":145,"column":8}},"46":{"start":{"line":105,"column":8},"end":{"line":124,"column":10}},"47":{"start":{"line":114,"column":12},"end":{"line":119,"column":13}},"48":{"start":{"line":115,"column":14},"end":{"line":115,"column":34}},"49":{"start":{"line":116,"column":14},"end":{"line":116,"column":66}},"50":{"start":{"line":118,"column":14},"end":{"line":118,"column":89}},"51":{"start":{"line":122,"column":12},"end":{"line":122,"column":82}},"52":{"start":{"line":125,"column":8},"end":{"line":143,"column":10}},"53":{"start":{"line":133,"column":12},"end":{"line":138,"column":13}},"54":{"start":{"line":134,"column":14},"end":{"line":134,"column":34}},"55":{"start":{"line":135,"column":14},"end":{"line":135,"column":66}},"56":{"start":{"line":137,"column":14},"end":{"line":137,"column":89}},"57":{"start":{"line":141,"column":12},"end":{"line":141,"column":82}},"58":{"start":{"line":149,"column":6},"end":{"line":149,"column":22}},"59":{"start":{"line":153,"column":17},"end":{"line":186,"column":3}},"60":{"start":{"line":155,"column":4},"end":{"line":185,"column":5}},"61":{"start":{"line":157,"column":6},"end":{"line":157,"column":25}},"62":{"start":{"line":159,"column":6},"end":{"line":159,"column":19}},"63":{"start":{"line":161,"column":6},"end":{"line":179,"column":8}},"64":{"start":{"line":162,"column":8},"end":{"line":177,"column":10}},"65":{"start":{"line":167,"column":12},"end":{"line":172,"column":13}},"66":{"start":{"line":168,"column":14},"end":{"line":168,"column":34}},"67":{"start":{"line":169,"column":14},"end":{"line":169,"column":66}},"68":{"start":{"line":171,"column":14},"end":{"line":171,"column":89}},"69":{"start":{"line":175,"column":12},"end":{"line":175,"column":82}},"70":{"start":{"line":181,"column":6},"end":{"line":181,"column":37}},"71":{"start":{"line":184,"column":6},"end":{"line":184,"column":22}},"72":{"start":{"line":190,"column":2},"end":{"line":346,"column":2}},"73":{"start":{"line":220,"column":38},"end":{"line":220,"column":53}},"74":{"start":{"line":227,"column":30},"end":{"line":227,"column":53}},"75":{"start":{"line":238,"column":36},"end":{"line":238,"column":53}},"76":{"start":{"line":241,"column":36},"end":{"line":241,"column":55}},"77":{"start":{"line":244,"column":36},"end":{"line":244,"column":55}},"78":{"start":{"line":260,"column":34},"end":{"line":260,"column":55}},"79":{"start":{"line":263,"column":34},"end":{"line":263,"column":56}},"80":{"start":{"line":272,"column":35},"end":{"line":272,"column":56}},"81":{"start":{"line":275,"column":35},"end":{"line":275,"column":56}},"82":{"start":{"line":284,"column":35},"end":{"line":284,"column":58}},"83":{"start":{"line":287,"column":35},"end":{"line":287,"column":56}},"84":{"start":{"line":296,"column":34},"end":{"line":296,"column":54}},"85":{"start":{"line":299,"column":34},"end":{"line":299,"column":55}},"86":{"start":{"line":306,"column":26},"end":{"line":306,"column":35}},"87":{"start":{"line":317,"column":29},"end":{"line":317,"column":42}},"88":{"start":{"line":317,"column":43},"end":{"line":317,"column":78}},"89":{"start":{"line":318,"column":30},"end":{"line":318,"column":43}},"90":{"start":{"line":318,"column":44},"end":{"line":318,"column":80}},"91":{"start":{"line":319,"column":32},"end":{"line":319,"column":45}},"92":{"start":{"line":319,"column":46},"end":{"line":319,"column":84}},"93":{"start":{"line":320,"column":32},"end":{"line":320,"column":45}},"94":{"start":{"line":320,"column":46},"end":{"line":320,"column":84}},"95":{"start":{"line":348,"column":15},"end":{"line":467,"column":2}}},"fnMap":{"0":{"name":"ProfileScreen","decl":{"start":{"line":18,"column":24},"end":{"line":18,"column":37}},"loc":{"start":{"line":18,"column":57},"end":{"line":347,"column":1}},"line":18},"1":{"name":"(anonymous_1)","decl":{"start":{"line":38,"column":23},"end":{"line":38,"column":24}},"loc":{"start":{"line":38,"column":47},"end":{"line":40,"column":3}},"line":38},"2":{"name":"(anonymous_2)","decl":{"start":{"line":41,"column":23},"end":{"line":41,"column":24}},"loc":{"start":{"line":41,"column":29},"end":{"line":44,"column":3}},"line":41},"3":{"name":"(anonymous_3)","decl":{"start":{"line":45,"column":21},"end":{"line":45,"column":22}},"loc":{"start":{"line":45,"column":27},"end":{"line":47,"column":3}},"line":45},"4":{"name":"(anonymous_4)","decl":{"start":{"line":49,"column":25},"end":{"line":49,"column":26}},"loc":{"start":{"line":49,"column":37},"end":{"line":90,"column":3}},"line":49},"5":{"name":"(anonymous_5)","decl":{"start":{"line":51,"column":27},"end":{"line":51,"column":28}},"loc":{"start":{"line":51,"column":40},"end":{"line":85,"column":7}},"line":51},"6":{"name":"(anonymous_6)","decl":{"start":{"line":55,"column":10},"end":{"line":55,"column":11}},"loc":{"start":{"line":55,"column":31},"end":{"line":67,"column":11}},"line":55},"7":{"name":"(anonymous_7)","decl":{"start":{"line":72,"column":10},"end":{"line":72,"column":11}},"loc":{"start":{"line":72,"column":31},"end":{"line":83,"column":11}},"line":72},"8":{"name":"(anonymous_8)","decl":{"start":{"line":92,"column":12},"end":{"line":92,"column":13}},"loc":{"start":{"line":92,"column":18},"end":{"line":98,"column":3}},"line":92},"9":{"name":"(anonymous_9)","decl":{"start":{"line":102,"column":21},"end":{"line":102,"column":22}},"loc":{"start":{"line":102,"column":33},"end":{"line":151,"column":3}},"line":102},"10":{"name":"(anonymous_10)","decl":{"start":{"line":104,"column":27},"end":{"line":104,"column":28}},"loc":{"start":{"line":104,"column":41},"end":{"line":145,"column":7}},"line":104},"11":{"name":"(anonymous_11)","decl":{"start":{"line":113,"column":10},"end":{"line":113,"column":11}},"loc":{"start":{"line":113,"column":25},"end":{"line":120,"column":11}},"line":113},"12":{"name":"(anonymous_12)","decl":{"start":{"line":121,"column":10},"end":{"line":121,"column":11}},"loc":{"start":{"line":121,"column":24},"end":{"line":123,"column":11}},"line":121},"13":{"name":"(anonymous_13)","decl":{"start":{"line":132,"column":10},"end":{"line":132,"column":11}},"loc":{"start":{"line":132,"column":25},"end":{"line":139,"column":11}},"line":132},"14":{"name":"(anonymous_14)","decl":{"start":{"line":140,"column":10},"end":{"line":140,"column":11}},"loc":{"start":{"line":140,"column":24},"end":{"line":142,"column":11}},"line":140},"15":{"name":"(anonymous_15)","decl":{"start":{"line":153,"column":17},"end":{"line":153,"column":18}},"loc":{"start":{"line":153,"column":29},"end":{"line":186,"column":3}},"line":153},"16":{"name":"(anonymous_16)","decl":{"start":{"line":161,"column":27},"end":{"line":161,"column":28}},"loc":{"start":{"line":161,"column":41},"end":{"line":179,"column":7}},"line":161},"17":{"name":"(anonymous_17)","decl":{"start":{"line":166,"column":10},"end":{"line":166,"column":11}},"loc":{"start":{"line":166,"column":25},"end":{"line":173,"column":11}},"line":166},"18":{"name":"(anonymous_18)","decl":{"start":{"line":174,"column":10},"end":{"line":174,"column":11}},"loc":{"start":{"line":174,"column":24},"end":{"line":176,"column":11}},"line":174},"19":{"name":"(anonymous_19)","decl":{"start":{"line":220,"column":28},"end":{"line":220,"column":29}},"loc":{"start":{"line":220,"column":38},"end":{"line":220,"column":53}},"line":220},"20":{"name":"(anonymous_20)","decl":{"start":{"line":227,"column":25},"end":{"line":227,"column":26}},"loc":{"start":{"line":227,"column":30},"end":{"line":227,"column":53}},"line":227},"21":{"name":"(anonymous_21)","decl":{"start":{"line":238,"column":32},"end":{"line":238,"column":33}},"loc":{"start":{"line":238,"column":36},"end":{"line":238,"column":53}},"line":238},"22":{"name":"(anonymous_22)","decl":{"start":{"line":241,"column":32},"end":{"line":241,"column":33}},"loc":{"start":{"line":241,"column":36},"end":{"line":241,"column":55}},"line":241},"23":{"name":"(anonymous_23)","decl":{"start":{"line":244,"column":32},"end":{"line":244,"column":33}},"loc":{"start":{"line":244,"column":36},"end":{"line":244,"column":55}},"line":244},"24":{"name":"(anonymous_24)","decl":{"start":{"line":260,"column":30},"end":{"line":260,"column":31}},"loc":{"start":{"line":260,"column":34},"end":{"line":260,"column":55}},"line":260},"25":{"name":"(anonymous_25)","decl":{"start":{"line":263,"column":30},"end":{"line":263,"column":31}},"loc":{"start":{"line":263,"column":34},"end":{"line":263,"column":56}},"line":263},"26":{"name":"(anonymous_26)","decl":{"start":{"line":272,"column":30},"end":{"line":272,"column":31}},"loc":{"start":{"line":272,"column":35},"end":{"line":272,"column":56}},"line":272},"27":{"name":"(anonymous_27)","decl":{"start":{"line":275,"column":30},"end":{"line":275,"column":31}},"loc":{"start":{"line":275,"column":35},"end":{"line":275,"column":56}},"line":275},"28":{"name":"(anonymous_28)","decl":{"start":{"line":284,"column":30},"end":{"line":284,"column":31}},"loc":{"start":{"line":284,"column":35},"end":{"line":284,"column":58}},"line":284},"29":{"name":"(anonymous_29)","decl":{"start":{"line":287,"column":30},"end":{"line":287,"column":31}},"loc":{"start":{"line":287,"column":35},"end":{"line":287,"column":56}},"line":287},"30":{"name":"(anonymous_30)","decl":{"start":{"line":296,"column":30},"end":{"line":296,"column":31}},"loc":{"start":{"line":296,"column":34},"end":{"line":296,"column":54}},"line":296},"31":{"name":"(anonymous_31)","decl":{"start":{"line":299,"column":30},"end":{"line":299,"column":31}},"loc":{"start":{"line":299,"column":34},"end":{"line":299,"column":55}},"line":299},"32":{"name":"(anonymous_32)","decl":{"start":{"line":306,"column":19},"end":{"line":306,"column":20}},"loc":{"start":{"line":306,"column":25},"end":{"line":306,"column":36}},"line":306},"33":{"name":"(anonymous_33)","decl":{"start":{"line":317,"column":22},"end":{"line":317,"column":23}},"loc":{"start":{"line":317,"column":28},"end":{"line":317,"column":79}},"line":317},"34":{"name":"(anonymous_34)","decl":{"start":{"line":318,"column":23},"end":{"line":318,"column":24}},"loc":{"start":{"line":318,"column":29},"end":{"line":318,"column":81}},"line":318},"35":{"name":"(anonymous_35)","decl":{"start":{"line":319,"column":25},"end":{"line":319,"column":26}},"loc":{"start":{"line":319,"column":31},"end":{"line":319,"column":85}},"line":319},"36":{"name":"(anonymous_36)","decl":{"start":{"line":320,"column":25},"end":{"line":320,"column":26}},"loc":{"start":{"line":320,"column":31},"end":{"line":320,"column":85}},"line":320}},"branchMap":{"0":{"loc":{"start":{"line":56,"column":12},"end":{"line":66,"column":13}},"type":"if","locations":[{"start":{"line":56,"column":12},"end":{"line":66,"column":13}},{"start":{"line":64,"column":16},"end":{"line":66,"column":13}}],"line":56},"1":{"loc":{"start":{"line":73,"column":12},"end":{"line":82,"column":13}},"type":"if","locations":[{"start":{"line":73,"column":12},"end":{"line":82,"column":13}},{"start":{"line":80,"column":16},"end":{"line":82,"column":13}}],"line":73},"2":{"loc":{"start":{"line":94,"column":4},"end":{"line":96,"column":5}},"type":"if","locations":[{"start":{"line":94,"column":4},"end":{"line":96,"column":5}},{"start":{},"end":{}}],"line":94},"3":{"loc":{"start":{"line":114,"column":12},"end":{"line":119,"column":13}},"type":"if","locations":[{"start":{"line":114,"column":12},"end":{"line":119,"column":13}},{"start":{"line":117,"column":19},"end":{"line":119,"column":13}}],"line":114},"4":{"loc":{"start":{"line":133,"column":12},"end":{"line":138,"column":13}},"type":"if","locations":[{"start":{"line":133,"column":12},"end":{"line":138,"column":13}},{"start":{"line":136,"column":19},"end":{"line":138,"column":13}}],"line":133},"5":{"loc":{"start":{"line":167,"column":12},"end":{"line":172,"column":13}},"type":"if","locations":[{"start":{"line":167,"column":12},"end":{"line":172,"column":13}},{"start":{"line":170,"column":19},"end":{"line":172,"column":13}}],"line":167},"6":{"loc":{"start":{"line":323,"column":7},"end":{"line":339,"column":13}},"type":"cond-expr","locations":[{"start":{"line":324,"column":8},"end":{"line":338,"column":15}},{"start":{"line":339,"column":9},"end":{"line":339,"column":13}}],"line":323}},"s":{"0":2,"1":2,"2":2,"3":2,"4":2,"5":2,"6":2,"7":2,"8":2,"9":2,"10":2,"11":2,"12":2,"13":2,"14":0,"15":2,"16":0,"17":0,"18":2,"19":0,"20":2,"21":0,"22":0,"23":0,"24":0,"25":0,"26":0,"27":0,"28":0,"29":0,"30":0,"31":0,"32":0,"33":0,"34":0,"35":0,"36":0,"37":0,"38":0,"39":0,"40":2,"41":2,"42":0,"43":2,"44":0,"45":0,"46":0,"47":0,"48":0,"49":0,"50":0,"51":0,"52":0,"53":0,"54":0,"55":0,"56":0,"57":0,"58":0,"59":2,"60":0,"61":0,"62":0,"63":0,"64":0,"65":0,"66":0,"67":0,"68":0,"69":0,"70":0,"71":0,"72":2,"73":0,"74":0,"75":0,"76":0,"77":0,"78":0,"79":0,"80":0,"81":0,"82":0,"83":0,"84":0,"85":0,"86":0,"87":0,"88":0,"89":0,"90":0,"91":0,"92":0,"93":0,"94":0,"95":3},"f":{"0":2,"1":0,"2":0,"3":0,"4":0,"5":0,"6":0,"7":0,"8":2,"9":0,"10":0,"11":0,"12":0,"13":0,"14":0,"15":0,"16":0,"17":0,"18":0,"19":0,"20":0,"21":0,"22":0,"23":0,"24":0,"25":0,"26":0,"27":0,"28":0,"29":0,"30":0,"31":0,"32":0,"33":0,"34":0,"35":0,"36":0},"b":{"0":[0,0],"1":[0,0],"2":[0,2],"3":[0,0],"4":[0,0],"5":[0,0],"6":[0,2]},"_coverageSchema":"1a1c01bbd47fc00a2c39e90264f33305004495a9","hash":"26f62b9be9a4ea956184acb8c14c614acb8e2236"}
,"/Users/shamiejegan/Documents/uol comsci/mobile_dev/CM3050-Finals/shedoff/scripts/components/bottomNavigationBar.js": {"path":"/Users/shamiejegan/Documents/uol comsci/mobile_dev/CM3050-Finals/shedoff/scripts/components/bottomNavigationBar.js","statementMap":{"0":{"start":{"line":6,"column":4},"end":{"line":30,"column":5}},"1":{"start":{"line":33,"column":15},"end":{"line":61,"column":2}}},"fnMap":{"0":{"name":"BottomNavigationBar","decl":{"start":{"line":5,"column":24},"end":{"line":5,"column":43}},"loc":{"start":{"line":5,"column":50},"end":{"line":31,"column":1}},"line":5}},"branchMap":{"0":{"loc":{"start":{"line":10,"column":28},"end":{"line":10,"column":80}},"type":"cond-expr","locations":[{"start":{"line":10,"column":57},"end":{"line":10,"column":63}},{"start":{"line":10,"column":66},"end":{"line":10,"column":80}}],"line":10},"1":{"loc":{"start":{"line":10,"column":99},"end":{"line":10,"column":145}},"type":"cond-expr","locations":[{"start":{"line":10,"column":128},"end":{"line":10,"column":137}},{"start":{"line":10,"column":139},"end":{"line":10,"column":145}}],"line":10},"2":{"loc":{"start":{"line":11,"column":54},"end":{"line":11,"column":101}},"type":"cond-expr","locations":[{"start":{"line":11,"column":83},"end":{"line":11,"column":92}},{"start":{"line":11,"column":95},"end":{"line":11,"column":101}}],"line":11},"3":{"loc":{"start":{"line":15,"column":28},"end":{"line":15,"column":87}},"type":"cond-expr","locations":[{"start":{"line":15,"column":60},"end":{"line":15,"column":68}},{"start":{"line":15,"column":71},"end":{"line":15,"column":87}}],"line":15},"4":{"loc":{"start":{"line":15,"column":106},"end":{"line":15,"column":155}},"type":"cond-expr","locations":[{"start":{"line":15,"column":138},"end":{"line":15,"column":147}},{"start":{"line":15,"column":149},"end":{"line":15,"column":155}}],"line":15},"5":{"loc":{"start":{"line":16,"column":54},"end":{"line":16,"column":104}},"type":"cond-expr","locations":[{"start":{"line":16,"column":86},"end":{"line":16,"column":95}},{"start":{"line":16,"column":98},"end":{"line":16,"column":104}}],"line":16},"6":{"loc":{"start":{"line":20,"column":28},"end":{"line":20,"column":81}},"type":"cond-expr","locations":[{"start":{"line":20,"column":58},"end":{"line":20,"column":64}},{"start":{"line":20,"column":67},"end":{"line":20,"column":81}}],"line":20},"7":{"loc":{"start":{"line":20,"column":100},"end":{"line":20,"column":147}},"type":"cond-expr","locations":[{"start":{"line":20,"column":130},"end":{"line":20,"column":139}},{"start":{"line":20,"column":141},"end":{"line":20,"column":147}}],"line":20},"8":{"loc":{"start":{"line":21,"column":54},"end":{"line":21,"column":102}},"type":"cond-expr","locations":[{"start":{"line":21,"column":84},"end":{"line":21,"column":93}},{"start":{"line":21,"column":96},"end":{"line":21,"column":102}}],"line":21},"9":{"loc":{"start":{"line":25,"column":28},"end":{"line":25,"column":87}},"type":"cond-expr","locations":[{"start":{"line":25,"column":60},"end":{"line":25,"column":68}},{"start":{"line":25,"column":71},"end":{"line":25,"column":87}}],"line":25},"10":{"loc":{"start":{"line":25,"column":106},"end":{"line":25,"column":155}},"type":"cond-expr","locations":[{"start":{"line":25,"column":138},"end":{"line":25,"column":147}},{"start":{"line":25,"column":149},"end":{"line":25,"column":155}}],"line":25},"11":{"loc":{"start":{"line":26,"column":54},"end":{"line":26,"column":104}},"type":"cond-expr","locations":[{"start":{"line":26,"column":86},"end":{"line":26,"column":95}},{"start":{"line":26,"column":98},"end":{"line":26,"column":104}}],"line":26}},"s":{"0":18,"1":11},"f":{"0":18},"b":{"0":[4,14],"1":[4,14],"2":[4,14],"3":[4,14],"4":[4,14],"5":[4,14],"6":[4,14],"7":[4,14],"8":[4,14],"9":[4,14],"10":[4,14],"11":[4,14]},"_coverageSchema":"1a1c01bbd47fc00a2c39e90264f33305004495a9","hash":"38115715d2a9a510d5970156f44c9fe179caf537"}
,"/Users/shamiejegan/Documents/uol comsci/mobile_dev/CM3050-Finals/shedoff/scripts/components/onboardingStepIndicator.js": {"path":"/Users/shamiejegan/Documents/uol comsci/mobile_dev/CM3050-Finals/shedoff/scripts/components/onboardingStepIndicator.js","statementMap":{"0":{"start":{"line":5,"column":4},"end":{"line":12,"column":5}},"1":{"start":{"line":15,"column":15},"end":{"line":31,"column":2}}},"fnMap":{"0":{"name":"OnboardingStepIndicator","decl":{"start":{"line":4,"column":24},"end":{"line":4,"column":47}},"loc":{"start":{"line":4,"column":54},"end":{"line":13,"column":1}},"line":4}},"branchMap":{"0":{"loc":{"start":{"line":7,"column":25},"end":{"line":7,"column":101}},"type":"cond-expr","locations":[{"start":{"line":7,"column":50},"end":{"line":7,"column":71}},{"start":{"line":7,"column":72},"end":{"line":7,"column":101}}],"line":7},"1":{"loc":{"start":{"line":8,"column":25},"end":{"line":8,"column":101}},"type":"cond-expr","locations":[{"start":{"line":8,"column":50},"end":{"line":8,"column":71}},{"start":{"line":8,"column":72},"end":{"line":8,"column":101}}],"line":8},"2":{"loc":{"start":{"line":9,"column":25},"end":{"line":9,"column":101}},"type":"cond-expr","locations":[{"start":{"line":9,"column":50},"end":{"line":9,"column":71}},{"start":{"line":9,"column":72},"end":{"line":9,"column":101}}],"line":9}},"s":{"0":16,"1":9},"f":{"0":16},"b":{"0":[2,14],"1":[6,10],"2":[10,6]},"_coverageSchema":"1a1c01bbd47fc00a2c39e90264f33305004495a9","hash":"242af580002d941eb5b4e7e40cd54ed91b056a24"}
,"/Users/shamiejegan/Documents/uol comsci/mobile_dev/CM3050-Finals/shedoff/scripts/components/pageHeading.js": {"path":"/Users/shamiejegan/Documents/uol comsci/mobile_dev/CM3050-Finals/shedoff/scripts/components/pageHeading.js","statementMap":{"0":{"start":{"line":6,"column":2},"end":{"line":14,"column":3}},"1":{"start":{"line":18,"column":15},"end":{"line":42,"column":2}}},"fnMap":{"0":{"name":"PageHeading","decl":{"start":{"line":5,"column":24},"end":{"line":5,"column":35}},"loc":{"start":{"line":5,"column":42},"end":{"line":16,"column":1}},"line":5}},"branchMap":{},"s":{"0":12,"1":13},"f":{"0":12},"b":{},"_coverageSchema":"1a1c01bbd47fc00a2c39e90264f33305004495a9","hash":"52ea914da0f07793296b538596db96f51b53cc50"}
,"/Users/shamiejegan/Documents/uol comsci/mobile_dev/CM3050-Finals/shedoff/scripts/components/statButton.js": {"path":"/Users/shamiejegan/Documents/uol comsci/mobile_dev/CM3050-Finals/shedoff/scripts/components/statButton.js","statementMap":{"0":{"start":{"line":5,"column":4},"end":{"line":21,"column":5}},"1":{"start":{"line":24,"column":17},"end":{"line":59,"column":4}}},"fnMap":{"0":{"name":"StatButton","decl":{"start":{"line":4,"column":24},"end":{"line":4,"column":34}},"loc":{"start":{"line":4,"column":41},"end":{"line":22,"column":3}},"line":4}},"branchMap":{"0":{"loc":{"start":{"line":6,"column":6},"end":{"line":20,"column":7}},"type":"cond-expr","locations":[{"start":{"line":7,"column":8},"end":{"line":16,"column":13}},{"start":{"line":19,"column":8},"end":{"line":19,"column":12}}],"line":6},"1":{"loc":{"start":{"line":9,"column":17},"end":{"line":9,"column":186}},"type":"cond-expr","locations":[{"start":{"line":9,"column":34},"end":{"line":9,"column":161}},{"start":{"line":9,"column":165},"end":{"line":9,"column":186}}],"line":9},"2":{"loc":{"start":{"line":9,"column":34},"end":{"line":9,"column":161}},"type":"cond-expr","locations":[{"start":{"line":9,"column":57},"end":{"line":9,"column":105}},{"start":{"line":9,"column":107},"end":{"line":9,"column":161}}],"line":9},"3":{"loc":{"start":{"line":12,"column":95},"end":{"line":12,"column":122}},"type":"cond-expr","locations":[{"start":{"line":12,"column":109},"end":{"line":12,"column":120}},{"start":{"line":12,"column":121},"end":{"line":12,"column":122}}],"line":12}},"s":{"0":20,"1":5},"f":{"0":20},"b":{"0":[8,12],"1":[4,4],"2":[2,2],"3":[6,2]},"_coverageSchema":"1a1c01bbd47fc00a2c39e90264f33305004495a9","hash":"ad151dafec540d377badbfe2cee5190e5f34607a"}
,"/Users/shamiejegan/Documents/uol comsci/mobile_dev/CM3050-Finals/shedoff/scripts/components/toggleThreeButtons.js": {"path":"/Users/shamiejegan/Documents/uol comsci/mobile_dev/CM3050-Finals/shedoff/scripts/components/toggleThreeButtons.js","statementMap":{"0":{"start":{"line":5,"column":2},"end":{"line":24,"column":3}},"1":{"start":{"line":27,"column":15},"end":{"line":41,"column":2}}},"fnMap":{"0":{"name":"ToggleThreeButtons","decl":{"start":{"line":4,"column":24},"end":{"line":4,"column":42}},"loc":{"start":{"line":4,"column":49},"end":{"line":25,"column":1}},"line":4}},"branchMap":{"0":{"loc":{"start":{"line":8,"column":37},"end":{"line":8,"column":119}},"type":"cond-expr","locations":[{"start":{"line":8,"column":62},"end":{"line":8,"column":89}},{"start":{"line":8,"column":92},"end":{"line":8,"column":119}}],"line":8},"1":{"loc":{"start":{"line":10,"column":21},"end":{"line":10,"column":79}},"type":"cond-expr","locations":[{"start":{"line":10,"column":46},"end":{"line":10,"column":61}},{"start":{"line":10,"column":64},"end":{"line":10,"column":79}}],"line":10},"2":{"loc":{"start":{"line":13,"column":36},"end":{"line":13,"column":118}},"type":"cond-expr","locations":[{"start":{"line":13,"column":61},"end":{"line":13,"column":88}},{"start":{"line":13,"column":91},"end":{"line":13,"column":118}}],"line":13},"3":{"loc":{"start":{"line":15,"column":21},"end":{"line":15,"column":79}},"type":"cond-expr","locations":[{"start":{"line":15,"column":46},"end":{"line":15,"column":61}},{"start":{"line":15,"column":64},"end":{"line":15,"column":79}}],"line":15},"4":{"loc":{"start":{"line":18,"column":36},"end":{"line":18,"column":118}},"type":"cond-expr","locations":[{"start":{"line":18,"column":61},"end":{"line":18,"column":88}},{"start":{"line":18,"column":91},"end":{"line":18,"column":118}}],"line":18},"5":{"loc":{"start":{"line":20,"column":21},"end":{"line":20,"column":79}},"type":"cond-expr","locations":[{"start":{"line":20,"column":46},"end":{"line":20,"column":61}},{"start":{"line":20,"column":64},"end":{"line":20,"column":79}}],"line":20}},"s":{"0":12,"1":7},"f":{"0":12},"b":{"0":[2,10],"1":[2,10],"2":[2,10],"3":[2,10],"4":[4,8],"5":[4,8]},"_coverageSchema":"1a1c01bbd47fc00a2c39e90264f33305004495a9","hash":"befe561e7a5c28c6577555acf84758c7c1711cae"}
[...]
,"/Users/shamiejegan/Documents/uol comsci/mobile_dev/CM3050-Finals/shedoff/scripts/onboarding/signIn.js": {"path":"/Users/shamiejegan/Documents/uol comsci/mobile_dev/CM3050-Finals/shedoff/scripts/onboarding/signIn.js","statementMap":{"0":{"start":{"line":9,"column":13},"end":{"line":9,"column":45}},"1":{"start":{"line":11,"column":28},"end":{"line":11,"column":38}},"2":{"start":{"line":12,"column":34},"end":{"line":12,"column":44}},"3":{"start":{"line":15,"column":16},"end":{"line":51,"column":3}},"4":{"start":{"line":17,"column":4},"end":{"line":50,"column":5}},"5":{"start":{"line":20,"column":19},"end":{"line":20,"column":33}},"6":{"start":{"line":22,"column":6},"end":{"line":45,"column":7}},"7":{"start":{"line":24,"column":8},"end":{"line":40,"column":11}},"8":{"start":{"line":25,"column":10},"end":{"line":39,"column":12}},"9":{"start":{"line":29,"column":14},"end":{"line":37,"column":15}},"10":{"start":{"line":30,"column":16},"end":{"line":30,"column":42}},"11":{"start":{"line":31,"column":16},"end":{"line":31,"column":51}},"12":{"start":{"line":34,"column":16},"end":{"line":34,"column":56}},"13":{"start":{"line":35,"column":16},"end":{"line":35,"column":56}},"14":{"start":{"line":36,"column":16},"end":{"line":36,"column":25}},"15":{"start":{"line":44,"column":8},"end":{"line":44,"column":24}},"16":{"start":{"line":49,"column":6},"end":{"line":49,"column":58}},"17":{"start":{"line":55,"column":2},"end":{"line":81,"column":4}},"18":{"start":{"line":62,"column":34},"end":{"line":62,"column":48}},"19":{"start":{"line":68,"column":34},"end":{"line":68,"column":51}},"20":{"start":{"line":73,"column":26},"end":{"line":73,"column":33}},"21":{"start":{"line":84,"column":15},"end":{"line":155,"column":4}}},"fnMap":{"0":{"name":"SignIn","decl":{"start":{"line":7,"column":24},"end":{"line":7,"column":30}},"loc":{"start":{"line":7,"column":44},"end":{"line":82,"column":1}},"line":7},"1":{"name":"(anonymous_1)","decl":{"start":{"line":15,"column":16},"end":{"line":15,"column":17}},"loc":{"start":{"line":15,"column":27},"end":{"line":51,"column":3}},"line":15},"2":{"name":"(anonymous_2)","decl":{"start":{"line":24,"column":29},"end":{"line":24,"column":30}},"loc":{"start":{"line":24,"column":42},"end":{"line":40,"column":9}},"line":24},"3":{"name":"(anonymous_3)","decl":{"start":{"line":28,"column":12},"end":{"line":28,"column":13}},"loc":{"start":{"line":28,"column":27},"end":{"line":38,"column":13}},"line":28},"4":{"name":"(anonymous_4)","decl":{"start":{"line":62,"column":24},"end":{"line":62,"column":25}},"loc":{"start":{"line":62,"column":34},"end":{"line":62,"column":48}},"line":62},"5":{"name":"(anonymous_5)","decl":{"start":{"line":68,"column":24},"end":{"line":68,"column":25}},"loc":{"start":{"line":68,"column":34},"end":{"line":68,"column":51}},"line":68},"6":{"name":"(anonymous_6)","decl":{"start":{"line":73,"column":19},"end":{"line":73,"column":20}},"loc":{"start":{"line":73,"column":25},"end":{"line":73,"column":34}},"line":73}},"branchMap":{"0":{"loc":{"start":{"line":17,"column":4},"end":{"line":50,"column":5}},"type":"if","locations":[{"start":{"line":17,"column":4},"end":{"line":50,"column":5}},{"start":{"line":48,"column":8},"end":{"line":50,"column":5}}],"line":17},"1":{"loc":{"start":{"line":17,"column":7},"end":{"line":17,"column":24}},"type":"binary-expr","locations":[{"start":{"line":17,"column":7},"end":{"line":17,"column":12}},{"start":{"line":17,"column":16},"end":{"line":17,"column":24}}],"line":17},"2":{"loc":{"start":{"line":29,"column":14},"end":{"line":37,"column":15}},"type":"if","locations":[{"start":{"line":29,"column":14},"end":{"line":37,"column":15}},{"start":{"line":33,"column":19},"end":{"line":37,"column":15}}],"line":29}},"s":{"0":2,"1":2,"2":2,"3":2,"4":0,"5":0,"6":0,"7":0,"8":0,"9":0,"10":0,"11":0,"12":0,"13":0,"14":0,"15":0,"16":0,"17":2,"18":0,"19":0,"20":0,"21":3},"f":{"0":2,"1":0,"2":0,"3":0,"4":0,"5":0,"6":0},"b":{"0":[0,0],"1":[0,0],"2":[0,0]},"_coverageSchema":"1a1c01bbd47fc00a2c39e90264f33305004495a9","hash":"5d56b9ee3615a6f4a1bb3ba3f68311ecbf5859de"}
,"/Users/shamiejegan/Documents/uol comsci/mobile_dev/CM3050-Finals/shedoff/scripts/onboarding/signUp.js": {"path":"/Users/shamiejegan/Documents/uol comsci/mobile_dev/CM3050-Finals/shedoff/scripts/onboarding/signUp.js","statementMap":{"0":{"start":{"line":12,"column":13},"end":{"line":12,"column":45}},"1":{"start":{"line":14,"column":28},"end":{"line":14,"column":38}},"2":{"start":{"line":15,"column":34},"end":{"line":15,"column":44}},"3":{"start":{"line":17,"column":31},"end":{"line":43,"column":3}},"4":{"start":{"line":18,"column":4},"end":{"line":41,"column":5}},"5":{"start":{"line":20,"column":6},"end":{"line":38,"column":9}},"6":{"start":{"line":21,"column":8},"end":{"line":37,"column":10}},"7":{"start":{"line":25,"column":12},"end":{"line":35,"column":13}},"8":{"start":{"line":26,"column":14},"end":{"line":29,"column":18}},"9":{"start":{"line":28,"column":49},"end":{"line":28,"column":79}},"10":{"start":{"line":30,"column":14},"end":{"line":30,"column":23}},"11":{"start":{"line":33,"column":14},"end":{"line":33,"column":24}},"12":{"start":{"line":34,"column":14},"end":{"line":34,"column":23}},"13":{"start":{"line":40,"column":6},"end":{"line":40,"column":22}},"14":{"start":{"line":45,"column":18},"end":{"line":159,"column":3}},"15":{"start":{"line":47,"column":4},"end":{"line":158,"column":5}},"16":{"start":{"line":49,"column":6},"end":{"line":49,"column":81}},"17":{"start":{"line":54,"column":19},"end":{"line":54,"column":33}},"18":{"start":{"line":56,"column":6},"end":{"line":156,"column":7}},"19":{"start":{"line":58,"column":8},"end":{"line":145,"column":10}},"20":{"start":{"line":59,"column":10},"end":{"line":74,"column":12}},"21":{"start":{"line":63,"column":14},"end":{"line":68,"column":15}},"22":{"start":{"line":64,"column":16},"end":{"line":64,"column":62}},"23":{"start":{"line":66,"column":16},"end":{"line":66,"column":78}},"24":{"start":{"line":67,"column":16},"end":{"line":67,"column":25}},"25":{"start":{"line":71,"column":14},"end":{"line":71,"column":71}},"26":{"start":{"line":72,"column":14},"end":{"line":72,"column":23}},"27":{"start":{"line":75,"column":10},"end":{"line":90,"column":12}},"28":{"start":{"line":79,"column":14},"end":{"line":84,"column":15}},"29":{"start":{"line":80,"column":16},"end":{"line":80,"column":61}},"30":{"start":{"line":82,"column":16},"end":{"line":82,"column":78}},"31":{"start":{"line":83,"column":16},"end":{"line":83,"column":25}},"32":{"start":{"line":87,"column":14},"end":{"line":87,"column":71}},"33":{"start":{"line":88,"column":14},"end":{"line":88,"column":23}},"34":{"start":{"line":91,"column":10},"end":{"line":106,"column":12}},"35":{"start":{"line":95,"column":14},"end":{"line":100,"column":15}},"36":{"start":{"line":96,"column":16},"end":{"line":96,"column":62}},"37":{"start":{"line":98,"column":16},"end":{"line":98,"column":78}},"38":{"start":{"line":99,"column":16},"end":{"line":99,"column":25}},"39":{"start":{"line":103,"column":14},"end":{"line":103,"column":71}},"40":{"start":{"line":104,"column":14},"end":{"line":104,"column":23}},"41":{"start":{"line":107,"column":10},"end":{"line":125,"column":12}},"42":{"start":{"line":114,"column":14},"end":{"line":119,"column":15}},"43":{"start":{"line":115,"column":16},"end":{"line":115,"column":60}},"44":{"start":{"line":117,"column":16},"end":{"line":117,"column":78}},"45":{"start":{"line":118,"column":16},"end":{"line":118,"column":25}},"46":{"start":{"line":122,"column":14},"end":{"line":122,"column":71}},"47":{"start":{"line":123,"column":14},"end":{"line":123,"column":23}},"48":{"start":{"line":126,"column":10},"end":{"line":143,"column":12}},"49":{"start":{"line":132,"column":14},"end":{"line":137,"column":15}},"50":{"start":{"line":133,"column":16},"end":{"line":133,"column":62}},"51":{"start":{"line":135,"column":16},"end":{"line":135,"column":78}},"52":{"start":{"line":136,"column":16},"end":{"line":136,"column":25}},"53":{"start":{"line":140,"column":14},"end":{"line":140,"column":71}},"54":{"start":{"line":141,"column":14},"end":{"line":141,"column":23}},"55":{"start":{"line":147,"column":8},"end":{"line":150,"column":10}},"56":{"start":{"line":149,"column":44},"end":{"line":149,"column":87}},"57":{"start":{"line":154,"column":8},"end":{"line":154,"column":115}},"58":{"start":{"line":155,"column":8},"end":{"line":155,"column":24}},"59":{"start":{"line":162,"column":2},"end":{"line":193,"column":4}},"60":{"start":{"line":173,"column":34},"end":{"line":173,"column":48}},"61":{"start":{"line":179,"column":34},"end":{"line":179,"column":51}},"62":{"start":{"line":183,"column":71},"end":{"line":183,"column":98}},"63":{"start":{"line":196,"column":15},"end":{"line":267,"column":4}}},"fnMap":{"0":{"name":"SignUp","decl":{"start":{"line":10,"column":24},"end":{"line":10,"column":30}},"loc":{"start":{"line":10,"column":44},"end":{"line":194,"column":1}},"line":10},"1":{"name":"(anonymous_1)","decl":{"start":{"line":17,"column":31},"end":{"line":17,"column":32}},"loc":{"start":{"line":17,"column":47},"end":{"line":43,"column":3}},"line":17},"2":{"name":"(anonymous_2)","decl":{"start":{"line":20,"column":27},"end":{"line":20,"column":28}},"loc":{"start":{"line":20,"column":40},"end":{"line":38,"column":7}},"line":20},"3":{"name":"(anonymous_3)","decl":{"start":{"line":24,"column":10},"end":{"line":24,"column":11}},"loc":{"start":{"line":24,"column":25},"end":{"line":36,"column":11}},"line":24},"4":{"name":"(anonymous_4)","decl":{"start":{"line":28,"column":43},"end":{"line":28,"column":44}},"loc":{"start":{"line":28,"column":48},"end":{"line":28,"column":80}},"line":28},"5":{"name":"(anonymous_5)","decl":{"start":{"line":45,"column":18},"end":{"line":45,"column":19}},"loc":{"start":{"line":45,"column":30},"end":{"line":159,"column":3}},"line":45},"6":{"name":"(anonymous_6)","decl":{"start":{"line":58,"column":29},"end":{"line":58,"column":30}},"loc":{"start":{"line":58,"column":43},"end":{"line":145,"column":9}},"line":58},"7":{"name":"(anonymous_7)","decl":{"start":{"line":62,"column":12},"end":{"line":62,"column":13}},"loc":{"start":{"line":62,"column":27},"end":{"line":69,"column":13}},"line":62},"8":{"name":"(anonymous_8)","decl":{"start":{"line":70,"column":12},"end":{"line":70,"column":13}},"loc":{"start":{"line":70,"column":26},"end":{"line":73,"column":13}},"line":70},"9":{"name":"(anonymous_9)","decl":{"start":{"line":78,"column":12},"end":{"line":78,"column":13}},"loc":{"start":{"line":78,"column":27},"end":{"line":85,"column":13}},"line":78},"10":{"name":"(anonymous_10)","decl":{"start":{"line":86,"column":12},"end":{"line":86,"column":13}},"loc":{"start":{"line":86,"column":26},"end":{"line":89,"column":13}},"line":86},"11":{"name":"(anonymous_11)","decl":{"start":{"line":94,"column":12},"end":{"line":94,"column":13}},"loc":{"start":{"line":94,"column":27},"end":{"line":101,"column":13}},"line":94},"12":{"name":"(anonymous_12)","decl":{"start":{"line":102,"column":12},"end":{"line":102,"column":13}},"loc":{"start":{"line":102,"column":26},"end":{"line":105,"column":13}},"line":102},"13":{"name":"(anonymous_13)","decl":{"start":{"line":113,"column":12},"end":{"line":113,"column":13}},"loc":{"start":{"line":113,"column":27},"end":{"line":120,"column":13}},"line":113},"14":{"name":"(anonymous_14)","decl":{"start":{"line":121,"column":12},"end":{"line":121,"column":13}},"loc":{"start":{"line":121,"column":26},"end":{"line":124,"column":13}},"line":121},"15":{"name":"(anonymous_15)","decl":{"start":{"line":131,"column":12},"end":{"line":131,"column":13}},"loc":{"start":{"line":131,"column":27},"end":{"line":138,"column":13}},"line":131},"16":{"name":"(anonymous_16)","decl":{"start":{"line":139,"column":12},"end":{"line":139,"column":13}},"loc":{"start":{"line":139,"column":26},"end":{"line":142,"column":13}},"line":139},"17":{"name":"(anonymous_17)","decl":{"start":{"line":149,"column":38},"end":{"line":149,"column":39}},"loc":{"start":{"line":149,"column":43},"end":{"line":149,"column":88}},"line":149},"18":{"name":"(anonymous_18)","decl":{"start":{"line":173,"column":24},"end":{"line":173,"column":25}},"loc":{"start":{"line":173,"column":34},"end":{"line":173,"column":48}},"line":173},"19":{"name":"(anonymous_19)","decl":{"start":{"line":179,"column":24},"end":{"line":179,"column":25}},"loc":{"start":{"line":179,"column":34},"end":{"line":179,"column":51}},"line":179},"20":{"name":"(anonymous_20)","decl":{"start":{"line":183,"column":64},"end":{"line":183,"column":65}},"loc":{"start":{"line":183,"column":70},"end":{"line":183,"column":99}},"line":183}},"branchMap":{"0":{"loc":{"start":{"line":25,"column":12},"end":{"line":35,"column":13}},"type":"if","locations":[{"start":{"line":25,"column":12},"end":{"line":35,"column":13}},{"start":{"line":32,"column":16},"end":{"line":35,"column":13}}],"line":25},"1":{"loc":{"start":{"line":47,"column":4},"end":{"line":158,"column":5}},"type":"if","locations":[{"start":{"line":47,"column":4},"end":{"line":158,"column":5}},{"start":{"line":52,"column":9},"end":{"line":158,"column":5}}],"line":47},"2":{"loc":{"start":{"line":47,"column":8},"end":{"line":47,"column":27}},"type":"binary-expr","locations":[{"start":{"line":47,"column":8},"end":{"line":47,"column":14}},{"start":{"line":47,"column":18},"end":{"line":47,"column":27}}],"line":47},"3":{"loc":{"start":{"line":63,"column":14},"end":{"line":68,"column":15}},"type":"if","locations":[{"start":{"line":63,"column":14},"end":{"line":68,"column":15}},{"start":{"line":65,"column":21},"end":{"line":68,"column":15}}],"line":63},"4":{"loc":{"start":{"line":79,"column":14},"end":{"line":84,"column":15}},"type":"if","locations":[{"start":{"line":79,"column":14},"end":{"line":84,"column":15}},{"start":{"line":81,"column":21},"end":{"line":84,"column":15}}],"line":79},"5":{"loc":{"start":{"line":95,"column":14},"end":{"line":100,"column":15}},"type":"if","locations":[{"start":{"line":95,"column":14},"end":{"line":100,"column":15}},{"start":{"line":97,"column":21},"end":{"line":100,"column":15}}],"line":95},"6":{"loc":{"start":{"line":114,"column":14},"end":{"line":119,"column":15}},"type":"if","locations":[{"start":{"line":114,"column":14},"end":{"line":119,"column":15}},{"start":{"line":116,"column":21},"end":{"line":119,"column":15}}],"line":114},"7":{"loc":{"start":{"line":132,"column":14},"end":{"line":137,"column":15}},"type":"if","locations":[{"start":{"line":132,"column":14},"end":{"line":137,"column":15}},{"start":{"line":134,"column":21},"end":{"line":137,"column":15}}],"line":132}},"s":{"0":2,"1":2,"2":2,"3":2,"4":0,"5":0,"6":0,"7":0,"8":0,"9":0,"10":0,"11":0,"12":0,"13":0,"14":2,"15":0,"16":0,"17":0,"18":0,"19":0,"20":0,"21":0,"22":0,"23":0,"24":0,"25":0,"26":0,"27":0,"28":0,"29":0,"30":0,"31":0,"32":0,"33":0,"34":0,"35":0,"36":0,"37":0,"38":0,"39":0,"40":0,"41":0,"42":0,"43":0,"44":0,"45":0,"46":0,"47":0,"48":0,"49":0,"50":0,"51":0,"52":0,"53":0,"54":0,"55":0,"56":0,"57":0,"58":0,"59":2,"60":0,"61":0,"62":0,"63":3},"f":{"0":2,"1":0,"2":0,"3":0,"4":0,"5":0,"6":0,"7":0,"8":0,"9":0,"10":0,"11":0,"12":0,"13":0,"14":0,"15":0,"16":0,"17":0,"18":0,"19":0,"20":0},"b":{"0":[0,0],"1":[0,0],"2":[0,0],"3":[0,0],"4":[0,0],"5":[0,0],"6":[0,0],"7":[0,0]},"_coverageSchema":"1a1c01bbd47fc00a2c39e90264f33305004495a9","hash":"3695dafa32c1f3f0bbd8a24d747e1211abd276ba"}
,"/Users/shamiejegan/Documents/uol comsci/mobile_dev/CM3050-Finals/shedoff/scripts/onboarding/welcome.js": {"path":"/Users/shamiejegan/Documents/uol comsci/mobile_dev/CM3050-Finals/shedoff/scripts/onboarding/welcome.js","statementMap":{"0":{"start":{"line":15,"column":13},"end":{"line":15,"column":45}},"1":{"start":{"line":18,"column":26},"end":{"line":36,"column":3}},"2":{"start":{"line":19,"column":4},"end":{"line":35,"column":6}},"3":{"start":{"line":20,"column":6},"end":{"line":22,"column":7}},"4":{"start":{"line":23,"column":6},"end":{"line":25,"column":7}},"5":{"start":{"line":26,"column":6},"end":{"line":28,"column":7}},"6":{"start":{"line":29,"column":6},"end":{"line":31,"column":7}},"7":{"start":{"line":32,"column":6},"end":{"line":34,"column":7}},"8":{"start":{"line":39,"column":22},"end":{"line":66,"column":3}},"9":{"start":{"line":40,"column":4},"end":{"line":65,"column":5}},"10":{"start":{"line":41,"column":6},"end":{"line":62,"column":8}},"11":{"start":{"line":42,"column":8},"end":{"line":61,"column":9}},"12":{"start":{"line":46,"column":12},"end":{"line":59,"column":13}},"13":{"start":{"line":47,"column":24},"end":{"line":47,"column":41}},"14":{"start":{"line":48,"column":14},"end":{"line":55,"column":15}},"15":{"start":{"line":49,"column":27},"end":{"line":49,"column":53}},"16":{"start":{"line":51,"column":16},"end":{"line":51,"column":51}},"17":{"start":{"line":54,"column":16},"end":{"line":54,"column":25}},"18":{"start":{"line":58,"column":14},"end":{"line":58,"column":23}},"19":{"start":{"line":64,"column":6},"end":{"line":64,"column":23}},"20":{"start":{"line":68,"column":2},"end":{"line":73,"column":9}},"21":{"start":{"line":70,"column":4},"end":{"line":70,"column":22}},"22":{"start":{"line":71,"column":4},"end":{"line":71,"column":18}},"23":{"start":{"line":76,"column":2},"end":{"line":94,"column":4}},"24":{"start":{"line":81,"column":89},"end":{"line":81,"column":119}},"25":{"start":{"line":86,"column":80},"end":{"line":86,"column":111}},"26":{"start":{"line":97,"column":15},"end":{"line":139,"column":4}}},"fnMap":{"0":{"name":"Welcome","decl":{"start":{"line":13,"column":24},"end":{"line":13,"column":31}},"loc":{"start":{"line":13,"column":45},"end":{"line":95,"column":1}},"line":13},"1":{"name":"(anonymous_1)","decl":{"start":{"line":18,"column":26},"end":{"line":18,"column":27}},"loc":{"start":{"line":18,"column":32},"end":{"line":36,"column":3}},"line":18},"2":{"name":"(anonymous_2)","decl":{"start":{"line":19,"column":19},"end":{"line":19,"column":20}},"loc":{"start":{"line":19,"column":25},"end":{"line":35,"column":5}},"line":19},"3":{"name":"(anonymous_3)","decl":{"start":{"line":39,"column":22},"end":{"line":39,"column":23}},"loc":{"start":{"line":39,"column":28},"end":{"line":66,"column":3}},"line":39},"4":{"name":"(anonymous_4)","decl":{"start":{"line":41,"column":21},"end":{"line":41,"column":22}},"loc":{"start":{"line":41,"column":28},"end":{"line":62,"column":7}},"line":41},"5":{"name":"(anonymous_5)","decl":{"start":{"line":45,"column":10},"end":{"line":45,"column":11}},"loc":{"start":{"line":45,"column":24},"end":{"line":60,"column":11}},"line":45},"6":{"name":"(anonymous_6)","decl":{"start":{"line":68,"column":12},"end":{"line":68,"column":13}},"loc":{"start":{"line":68,"column":18},"end":{"line":73,"column":3}},"line":68},"7":{"name":"(anonymous_7)","decl":{"start":{"line":81,"column":82},"end":{"line":81,"column":83}},"loc":{"start":{"line":81,"column":88},"end":{"line":81,"column":120}},"line":81},"8":{"name":"(anonymous_8)","decl":{"start":{"line":86,"column":73},"end":{"line":86,"column":74}},"loc":{"start":{"line":86,"column":79},"end":{"line":86,"column":112}},"line":86}},"branchMap":{"0":{"loc":{"start":{"line":46,"column":12},"end":{"line":59,"column":13}},"type":"if","locations":[{"start":{"line":46,"column":12},"end":{"line":59,"column":13}},{"start":{"line":57,"column":17},"end":{"line":59,"column":13}}],"line":46},"1":{"loc":{"start":{"line":48,"column":14},"end":{"line":55,"column":15}},"type":"if","locations":[{"start":{"line":48,"column":14},"end":{"line":55,"column":15}},{"start":{"line":53,"column":19},"end":{"line":55,"column":15}}],"line":48}},"s":{"0":3,"1":3,"2":3,"3":3,"4":3,"5":3,"6":3,"7":3,"8":3,"9":3,"10":3,"11":0,"12":0,"13":0,"14":0,"15":0,"16":0,"17":0,"18":0,"19":0,"20":3,"21":3,"22":3,"23":3,"24":0,"25":0,"26":3},"f":{"0":3,"1":3,"2":3,"3":3,"4":0,"5":0,"6":3,"7":0,"8":0},"b":{"0":[0,0],"1":[0,0]},"_coverageSchema":"1a1c01bbd47fc00a2c39e90264f33305004495a9","hash":"a72868d36526e7c56809f628df9cd69c26ecc03c"}
}
