TN:
SF:App.js
FN:3,App
FNF:1
FNH:1
FNDA:1,App
DA:4,1
LF:1
LH:1
BRF:0
BRH:0
end_of_record
TN:
SF:scripts/analysisScreen.js
FN:8,AnalysisScreen
FNF:1
FNH:1
FNDA:2,AnalysisScreen
DA:10,2
DA:19,2
LF:2
LH:2
BRF:0
BRH:0
end_of_record
TN:
SF:scripts/entriesScreen.js
FN:15,EntriesScreen
FN:38,reduceDateGranularity
FN:42,stateMonitor
FN:46,(anonymous_3)
FN:53,(anonymous_4)
FN:61,(anonymous_5)
FN:65,(anonymous_6)
FN:69,(anonymous_7)
FN:76,(anonymous_8)
FN:119,(anonymous_9)
FN:140,(anonymous_10)
FN:149,(anonymous_11)
FN:158,(anonymous_12)
FN:161,(anonymous_13)
FN:165,(anonymous_14)
FN:172,(anonymous_15)
FN:182,(anonymous_16)
FN:185,(anonymous_17)
FN:189,(anonymous_18)
FN:196,(anonymous_19)
FN:218,(anonymous_20)
FN:222,(anonymous_21)
FN:231,(anonymous_22)
FN:251,(anonymous_23)
FN:263,(anonymous_24)
FN:275,(anonymous_25)
FN:287,(anonymous_26)
FN:299,(anonymous_27)
FN:311,(anonymous_28)
FN:325,(anonymous_29)
FN:326,(anonymous_30)
FN:327,(anonymous_31)
FN:328,(anonymous_32)
FNF:33
FNH:5
FNDA:2,EntriesScreen
FNDA:8,reduceDateGranularity
FNDA:2,stateMonitor
FNDA:0,(anonymous_3)
FNDA:0,(anonymous_4)
FNDA:0,(anonymous_5)
FNDA:0,(anonymous_6)
FNDA:0,(anonymous_7)
FNDA:0,(anonymous_8)
FNDA:0,(anonymous_9)
FNDA:2,(anonymous_10)
FNDA:2,(anonymous_11)
FNDA:0,(anonymous_12)
FNDA:0,(anonymous_13)
FNDA:0,(anonymous_14)
FNDA:0,(anonymous_15)
FNDA:0,(anonymous_16)
FNDA:0,(anonymous_17)
FNDA:0,(anonymous_18)
FNDA:0,(anonymous_19)
FNDA:0,(anonymous_20)
FNDA:0,(anonymous_21)
FNDA:0,(anonymous_22)
FNDA:0,(anonymous_23)
FNDA:0,(anonymous_24)
FNDA:0,(anonymous_25)
FNDA:0,(anonymous_26)
FNDA:0,(anonymous_27)
FNDA:0,(anonymous_28)
FNDA:0,(anonymous_29)
FNDA:0,(anonymous_30)
FNDA:0,(anonymous_31)
FNDA:0,(anonymous_32)
DA:17,2
DA:18,2
DA:20,2
DA:22,2
DA:23,2
DA:24,2
DA:25,2
DA:26,2
DA:27,2
DA:28,2
DA:30,2
DA:32,2
DA:33,2
DA:34,2
DA:36,2
DA:39,8
DA:43,2
DA:46,2
DA:47,0
DA:48,0
DA:50,0
DA:51,0
DA:53,2
DA:54,0
DA:55,0
DA:57,0
DA:58,0
DA:61,2
DA:62,0
DA:63,0
DA:64,0
DA:65,0
DA:66,0
DA:70,0
DA:72,0
DA:73,0
DA:75,0
DA:76,0
DA:79,0
DA:80,0
DA:81,0
DA:82,0
DA:83,0
DA:84,0
DA:85,0
DA:86,0
DA:87,0
DA:88,0
DA:90,0
DA:94,0
DA:95,0
DA:96,0
DA:97,0
DA:98,0
DA:99,0
DA:100,0
DA:101,0
DA:105,0
DA:106,0
DA:107,0
DA:108,0
DA:109,0
DA:110,0
DA:111,0
DA:112,0
DA:116,0
DA:120,0
DA:121,0
DA:122,0
DA:123,0
DA:126,0
DA:133,0
DA:140,2
DA:141,2
DA:142,2
DA:143,0
DA:144,0
DA:149,2
DA:150,2
DA:151,0
DA:152,0
DA:153,0
DA:154,0
DA:158,2
DA:159,0
DA:160,0
DA:161,0
DA:162,0
DA:166,0
DA:167,0
DA:169,0
DA:173,0
DA:178,0
DA:182,2
DA:183,0
DA:184,0
DA:185,0
DA:186,0
DA:190,0
DA:191,0
DA:193,0
DA:197,0
DA:202,0
DA:207,2
DA:218,0
DA:222,0
DA:231,0
DA:251,0
DA:263,0
DA:275,0
DA:287,0
DA:299,0
DA:311,0
DA:325,0
DA:326,0
DA:327,0
DA:328,0
DA:335,3
LF:118
LH:29
BRDA:70,0,0,0
BRDA:70,0,1,0
BRDA:79,1,0,0
BRDA:79,1,1,0
BRDA:120,2,0,0
BRDA:120,2,1,0
BRDA:142,3,0,0
BRDA:142,3,1,2
BRDA:150,4,0,0
BRDA:150,4,1,2
BRDA:166,5,0,0
BRDA:166,5,1,0
BRDA:190,6,0,0
BRDA:190,6,1,0
BRDA:224,7,0,2
BRDA:224,7,1,0
BRDA:229,8,0,0
BRDA:229,8,1,2
BRF:18
BRH:4
end_of_record
TN:
SF:scripts/goalScreen.js
FN:17,GoalScreen
FN:45,reduceDateGranularity
FN:51,(anonymous_2)
FN:56,(anonymous_3)
FN:61,(anonymous_4)
FN:66,(anonymous_5)
FN:71,(anonymous_6)
FN:75,(anonymous_7)
FN:77,(anonymous_8)
FN:81,(anonymous_9)
FN:103,(anonymous_10)
FN:121,(anonymous_11)
FN:130,(anonymous_12)
FN:138,(anonymous_13)
FN:140,(anonymous_14)
FN:144,(anonymous_15)
FN:152,(anonymous_16)
FN:197,(anonymous_17)
FN:206,(anonymous_18)
FN:223,(anonymous_19)
FN:229,(anonymous_20)
FN:252,(anonymous_21)
FN:267,(anonymous_22)
FN:282,(anonymous_23)
FN:297,(anonymous_24)
FN:312,(anonymous_25)
FN:361,(anonymous_26)
FN:362,(anonymous_27)
FN:363,(anonymous_28)
FN:364,(anonymous_29)
FNF:30
FNH:3
FNDA:2,GoalScreen
FNDA:0,reduceDateGranularity
FNDA:0,(anonymous_2)
FNDA:0,(anonymous_3)
FNDA:0,(anonymous_4)
FNDA:0,(anonymous_5)
FNDA:0,(anonymous_6)
FNDA:0,(anonymous_7)
FNDA:0,(anonymous_8)
FNDA:0,(anonymous_9)
FNDA:0,(anonymous_10)
FNDA:2,(anonymous_11)
FNDA:2,(anonymous_12)
FNDA:0,(anonymous_13)
FNDA:0,(anonymous_14)
FNDA:0,(anonymous_15)
FNDA:0,(anonymous_16)
FNDA:0,(anonymous_17)
FNDA:0,(anonymous_18)
FNDA:0,(anonymous_19)
FNDA:0,(anonymous_20)
FNDA:0,(anonymous_21)
FNDA:0,(anonymous_22)
FNDA:0,(anonymous_23)
FNDA:0,(anonymous_24)
FNDA:0,(anonymous_25)
FNDA:0,(anonymous_26)
FNDA:0,(anonymous_27)
FNDA:0,(anonymous_28)
FNDA:0,(anonymous_29)
DA:19,2
DA:20,2
DA:22,2
DA:24,2
DA:27,2
DA:28,2
DA:29,2
DA:30,2
DA:32,2
DA:33,2
DA:34,2
DA:37,2
DA:38,2
DA:39,2
DA:40,2
DA:41,2
DA:43,2
DA:46,0
DA:50,2
DA:51,2
DA:52,0
DA:55,2
DA:56,2
DA:57,0
DA:58,0
DA:59,0
DA:61,2
DA:62,0
DA:65,2
DA:66,2
DA:67,0
DA:68,0
DA:69,0
DA:71,2
DA:72,0
DA:75,2
DA:76,0
DA:77,0
DA:78,0
DA:82,0
DA:83,0
DA:84,0
DA:85,0
DA:86,0
DA:87,0
DA:88,0
DA:89,0
DA:90,0
DA:91,0
DA:92,0
DA:93,0
DA:96,0
DA:100,0
DA:104,0
DA:105,0
DA:106,0
DA:107,0
DA:110,0
DA:116,0
DA:121,2
DA:123,2
DA:124,0
DA:130,2
DA:131,2
DA:132,0
DA:133,0
DA:134,0
DA:138,2
DA:139,0
DA:140,0
DA:141,0
DA:145,0
DA:146,0
DA:147,0
DA:149,0
DA:153,0
DA:160,0
DA:166,2
DA:197,0
DA:206,0
DA:223,0
DA:229,0
DA:252,0
DA:267,0
DA:282,0
DA:297,0
DA:312,0
DA:361,0
DA:362,0
DA:363,0
DA:364,0
DA:371,3
LF:92
LH:33
BRDA:82,0,0,0
BRDA:82,0,1,0
BRDA:104,1,0,0
BRDA:104,1,1,0
BRDA:123,2,0,0
BRDA:123,2,1,2
BRDA:131,3,0,0
BRDA:131,3,1,2
BRDA:145,4,0,0
BRDA:145,4,1,0
BRDA:323,5,0,0
BRDA:323,5,1,2
BRDA:336,6,0,0
BRDA:336,6,1,0
BRDA:341,7,0,0
BRDA:341,7,1,2
BRDA:354,8,0,0
BRDA:354,8,1,0
BRF:18
BRH:4
end_of_record
TN:
SF:scripts/homeScreen.js
FN:13,HomeScreen
FN:43,reduceDateGranularity
FN:47,(anonymous_2)
FN:49,(anonymous_3)
FN:53,(anonymous_4)
FN:68,(anonymous_5)
FN:90,(anonymous_6)
FN:103,(anonymous_7)
FN:112,(anonymous_8)
FN:132,(anonymous_9)
FN:179,(anonymous_10)
FN:187,(anonymous_11)
FN:195,(anonymous_12)
FN:203,(anonymous_13)
FN:211,(anonymous_14)
FN:219,(anonymous_15)
FN:228,(anonymous_16)
FN:266,(anonymous_17)
FN:267,(anonymous_18)
FN:268,(anonymous_19)
FN:269,(anonymous_20)
FNF:21
FNH:3
FNDA:2,HomeScreen
FNDA:8,reduceDateGranularity
FNDA:0,(anonymous_2)
FNDA:0,(anonymous_3)
FNDA:0,(anonymous_4)
FNDA:0,(anonymous_5)
FNDA:0,(anonymous_6)
FNDA:0,(anonymous_7)
FNDA:0,(anonymous_8)
FNDA:2,(anonymous_9)
FNDA:0,(anonymous_10)
FNDA:0,(anonymous_11)
FNDA:0,(anonymous_12)
FNDA:0,(anonymous_13)
FNDA:0,(anonymous_14)
FNDA:0,(anonymous_15)
FNDA:0,(anonymous_16)
FNDA:0,(anonymous_17)
FNDA:0,(anonymous_18)
FNDA:0,(anonymous_19)
FNDA:0,(anonymous_20)
DA:15,2
DA:16,2
DA:18,2
DA:20,2
DA:22,2
DA:23,2
DA:24,2
DA:26,2
DA:27,2
DA:29,2
DA:30,2
DA:32,2
DA:34,2
DA:36,2
DA:37,2
DA:38,2
DA:39,2
DA:40,2
DA:44,8
DA:47,2
DA:48,0
DA:49,0
DA:50,0
DA:54,0
DA:55,0
DA:56,0
DA:57,0
DA:58,0
DA:61,0
DA:65,0
DA:69,0
DA:70,0
DA:71,0
DA:72,0
DA:73,0
DA:74,0
DA:75,0
DA:76,0
DA:77,0
DA:78,0
DA:79,0
DA:82,0
DA:87,0
DA:91,0
DA:92,0
DA:93,0
DA:96,0
DA:100,0
DA:105,0
DA:107,0
DA:109,0
DA:110,0
DA:112,0
DA:114,0
DA:115,0
DA:118,0
DA:121,0
DA:127,0
DA:132,2
DA:134,2
DA:135,0
DA:136,0
DA:143,2
DA:144,2
DA:145,2
DA:146,2
DA:148,2
DA:149,2
DA:150,2
DA:152,2
DA:153,2
DA:154,2
DA:155,2
DA:156,2
DA:157,2
DA:159,2
DA:179,0
DA:187,0
DA:195,0
DA:203,0
DA:211,0
DA:219,0
DA:228,0
DA:266,0
DA:267,0
DA:268,0
DA:269,0
DA:278,3
LF:88
LH:37
BRDA:54,0,0,0
BRDA:54,0,1,0
BRDA:69,1,0,0
BRDA:69,1,1,0
BRDA:91,2,0,0
BRDA:91,2,1,0
BRDA:107,3,0,0
BRDA:107,3,1,0
BRDA:114,4,0,0
BRDA:114,4,1,0
BRDA:134,5,0,0
BRDA:134,5,1,2
BRDA:143,6,0,2
BRDA:143,6,1,0
BRDA:152,7,0,0
BRDA:152,7,1,2
BRDA:157,8,0,0
BRDA:157,8,1,2
BRDA:178,9,0,0
BRDA:178,9,1,2
BRDA:186,10,0,0
BRDA:186,10,1,2
BRDA:194,11,0,0
BRDA:194,11,1,2
BRDA:202,12,0,0
BRDA:202,12,1,2
BRDA:210,13,0,0
BRDA:210,13,1,2
BRDA:218,14,0,0
BRDA:218,14,1,2
BRF:30
BRH:10
end_of_record
TN:
SF:scripts/mainContainer.js
FN:38,MainContainer
FNF:1
FNH:1
FNDA:1,MainContainer
DA:21,1
DA:22,1
DA:23,1
DA:24,1
DA:25,1
DA:28,1
DA:29,1
DA:30,1
DA:32,1
DA:36,1
DA:40,1
LF:11
LH:11
BRF:0
BRH:0
end_of_record
TN:
SF:scripts/profileScreen.js
FN:18,ProfileScreen
FN:38,(anonymous_1)
FN:41,(anonymous_2)
FN:45,(anonymous_3)
FN:49,(anonymous_4)
FN:51,(anonymous_5)
FN:55,(anonymous_6)
FN:72,(anonymous_7)
FN:92,(anonymous_8)
FN:102,(anonymous_9)
FN:104,(anonymous_10)
FN:113,(anonymous_11)
FN:121,(anonymous_12)
FN:132,(anonymous_13)
FN:140,(anonymous_14)
FN:153,(anonymous_15)
FN:161,(anonymous_16)
FN:166,(anonymous_17)
FN:174,(anonymous_18)
FN:220,(anonymous_19)
FN:227,(anonymous_20)
FN:238,(anonymous_21)
FN:241,(anonymous_22)
FN:244,(anonymous_23)
FN:260,(anonymous_24)
FN:263,(anonymous_25)
FN:272,(anonymous_26)
FN:275,(anonymous_27)
FN:284,(anonymous_28)
FN:287,(anonymous_29)
FN:296,(anonymous_30)
FN:299,(anonymous_31)
FN:306,(anonymous_32)
FN:317,(anonymous_33)
FN:318,(anonymous_34)
FN:319,(anonymous_35)
FN:320,(anonymous_36)
FNF:37
FNH:2
FNDA:2,ProfileScreen
FNDA:0,(anonymous_1)
FNDA:0,(anonymous_2)
FNDA:0,(anonymous_3)
FNDA:0,(anonymous_4)
FNDA:0,(anonymous_5)
FNDA:0,(anonymous_6)
FNDA:0,(anonymous_7)
FNDA:2,(anonymous_8)
FNDA:0,(anonymous_9)
FNDA:0,(anonymous_10)
FNDA:0,(anonymous_11)
FNDA:0,(anonymous_12)
FNDA:0,(anonymous_13)
FNDA:0,(anonymous_14)
FNDA:0,(anonymous_15)
FNDA:0,(anonymous_16)
FNDA:0,(anonymous_17)
FNDA:0,(anonymous_18)
FNDA:0,(anonymous_19)
FNDA:0,(anonymous_20)
FNDA:0,(anonymous_21)
FNDA:0,(anonymous_22)
FNDA:0,(anonymous_23)
FNDA:0,(anonymous_24)
FNDA:0,(anonymous_25)
FNDA:0,(anonymous_26)
FNDA:0,(anonymous_27)
FNDA:0,(anonymous_28)
FNDA:0,(anonymous_29)
FNDA:0,(anonymous_30)
FNDA:0,(anonymous_31)
FNDA:0,(anonymous_32)
FNDA:0,(anonymous_33)
FNDA:0,(anonymous_34)
FNDA:0,(anonymous_35)
FNDA:0,(anonymous_36)
DA:20,2
DA:21,2
DA:23,2
DA:25,2
DA:26,2
DA:27,2
DA:28,2
DA:30,2
DA:31,2
DA:32,2
DA:33,2
DA:36,2
DA:37,2
DA:38,2
DA:39,0
DA:41,2
DA:42,0
DA:43,0
DA:45,2
DA:46,0
DA:49,2
DA:50,0
DA:51,0
DA:52,0
DA:56,0
DA:58,0
DA:59,0
DA:60,0
DA:61,0
DA:62,0
DA:65,0
DA:69,0
DA:73,0
DA:74,0
DA:75,0
DA:76,0
DA:77,0
DA:78,0
DA:81,0
DA:87,0
DA:92,2
DA:94,2
DA:95,0
DA:102,2
DA:103,0
DA:104,0
DA:105,0
DA:114,0
DA:115,0
DA:116,0
DA:118,0
DA:122,0
DA:125,0
DA:133,0
DA:134,0
DA:135,0
DA:137,0
DA:141,0
DA:149,0
DA:153,2
DA:155,0
DA:157,0
DA:159,0
DA:161,0
DA:162,0
DA:167,0
DA:168,0
DA:169,0
DA:171,0
DA:175,0
DA:181,0
DA:184,0
DA:190,2
DA:220,0
DA:227,0
DA:238,0
DA:241,0
DA:244,0
DA:260,0
DA:263,0
DA:272,0
DA:275,0
DA:284,0
DA:287,0
DA:296,0
DA:299,0
DA:306,0
DA:317,0
DA:318,0
DA:319,0
DA:320,0
DA:348,3
LF:92
LH:23
BRDA:56,0,0,0
BRDA:56,0,1,0
BRDA:73,1,0,0
BRDA:73,1,1,0
BRDA:94,2,0,0
BRDA:94,2,1,2
BRDA:114,3,0,0
BRDA:114,3,1,0
BRDA:133,4,0,0
BRDA:133,4,1,0
BRDA:167,5,0,0
BRDA:167,5,1,0
BRDA:323,6,0,0
BRDA:323,6,1,2
BRF:14
BRH:2
end_of_record
TN:
SF:scripts/components/bottomNavigationBar.js
FN:5,BottomNavigationBar
FNF:1
FNH:1
FNDA:18,BottomNavigationBar
DA:6,18
DA:33,11
LF:2
LH:2
BRDA:10,0,0,4
BRDA:10,0,1,14
BRDA:10,1,0,4
BRDA:10,1,1,14
BRDA:11,2,0,4
BRDA:11,2,1,14
BRDA:15,3,0,4
BRDA:15,3,1,14
BRDA:15,4,0,4
BRDA:15,4,1,14
BRDA:16,5,0,4
BRDA:16,5,1,14
BRDA:20,6,0,4
BRDA:20,6,1,14
BRDA:20,7,0,4
BRDA:20,7,1,14
BRDA:21,8,0,4
BRDA:21,8,1,14
BRDA:25,9,0,4
BRDA:25,9,1,14
BRDA:25,10,0,4
BRDA:25,10,1,14
BRDA:26,11,0,4
BRDA:26,11,1,14
BRF:24
BRH:24
end_of_record
TN:
SF:scripts/components/onboardingStepIndicator.js
FN:4,OnboardingStepIndicator
FNF:1
FNH:1
FNDA:16,OnboardingStepIndicator
DA:5,16
DA:15,9
LF:2
LH:2
BRDA:7,0,0,2
BRDA:7,0,1,14
BRDA:8,1,0,6
BRDA:8,1,1,10
BRDA:9,2,0,10
BRDA:9,2,1,6
BRF:6
BRH:6
end_of_record
TN:
SF:scripts/components/pageHeading.js
FN:5,PageHeading
FNF:1
FNH:1
FNDA:12,PageHeading
DA:6,12
DA:18,13
LF:2
LH:2
BRF:0
BRH:0
end_of_record
TN:
SF:scripts/components/statButton.js
FN:4,StatButton
FNF:1
FNH:1
FNDA:20,StatButton
DA:5,20
DA:24,5
LF:2
LH:2
BRDA:6,0,0,8
BRDA:6,0,1,12
BRDA:9,1,0,4
BRDA:9,1,1,4
BRDA:9,2,0,2
BRDA:9,2,1,2
BRDA:12,3,0,6
BRDA:12,3,1,2
BRF:8
BRH:8
end_of_record
TN:
SF:scripts/components/toggleThreeButtons.js
FN:4,ToggleThreeButtons
FNF:1
FNH:1
FNDA:12,ToggleThreeButtons
DA:5,12
DA:27,7
LF:2
LH:2
BRDA:8,0,0,2
BRDA:8,0,1,10
BRDA:10,1,0,2
BRDA:10,1,1,10
BRDA:13,2,0,2
BRDA:13,2,1,10
BRDA:15,3,0,2
BRDA:15,3,1,10
BRDA:18,4,0,4
BRDA:18,4,1,8
BRDA:20,5,0,4
BRDA:20,5,1,8
BRF:12
BRH:12
end_of_record
TN:
SF:scripts/components/toggleTwoButtons.js
FN:4,ToggleTwoButtons
FNF:1
FNH:1
FNDA:26,ToggleTwoButtons
DA:5,26
DA:22,9
LF:2
LH:2
BRDA:8,0,0,22
BRDA:8,0,1,4
BRDA:10,1,0,22
BRDA:10,1,1,4
BRDA:13,2,0,2
BRDA:13,2,1,24
BRDA:15,3,0,2
BRDA:15,3,1,24
BRF:8
BRH:8
end_of_record
TN:
SF:scripts/onboarding/setGoals.js
FN:12,SetGoals
FN:29,(anonymous_1)
FN:32,(anonymous_2)
FN:36,(anonymous_3)
FN:53,(anonymous_4)
FN:73,(anonymous_5)
FN:80,(anonymous_6)
FN:82,(anonymous_7)
FN:95,(anonymous_8)
FN:103,(anonymous_9)
FN:117,(anonymous_10)
FN:125,(anonymous_11)
FN:133,(anonymous_12)
FN:141,(anonymous_13)
FN:176,(anonymous_14)
FN:185,(anonymous_15)
FN:188,(anonymous_16)
FN:202,(anonymous_17)
FN:210,(anonymous_18)
FN:213,(anonymous_19)
FN:228,(anonymous_20)
FN:236,(anonymous_21)
FN:239,(anonymous_22)
FN:254,(anonymous_23)
FN:264,(anonymous_24)
FN:267,(anonymous_25)
FN:283,(anonymous_26)
FN:294,(anonymous_27)
FN:303,(anonymous_28)
FNF:29
FNH:4
FNDA:2,SetGoals
FNDA:2,(anonymous_1)
FNDA:2,(anonymous_2)
FNDA:0,(anonymous_3)
FNDA:0,(anonymous_4)
FNDA:2,(anonymous_5)
FNDA:0,(anonymous_6)
FNDA:0,(anonymous_7)
FNDA:0,(anonymous_8)
FNDA:0,(anonymous_9)
FNDA:0,(anonymous_10)
FNDA:0,(anonymous_11)
FNDA:0,(anonymous_12)
FNDA:0,(anonymous_13)
FNDA:0,(anonymous_14)
FNDA:0,(anonymous_15)
FNDA:0,(anonymous_16)
FNDA:0,(anonymous_17)
FNDA:0,(anonymous_18)
FNDA:0,(anonymous_19)
FNDA:0,(anonymous_20)
FNDA:0,(anonymous_21)
FNDA:0,(anonymous_22)
FNDA:0,(anonymous_23)
FNDA:0,(anonymous_24)
FNDA:0,(anonymous_25)
FNDA:0,(anonymous_26)
FNDA:0,(anonymous_27)
FNDA:0,(anonymous_28)
DA:14,2
DA:16,2
DA:18,2
DA:19,2
DA:20,2
DA:21,2
DA:22,2
DA:23,2
DA:24,2
DA:25,2
DA:26,2
DA:29,2
DA:30,2
DA:32,2
DA:33,2
DA:37,0
DA:38,0
DA:39,0
DA:40,0
DA:41,0
DA:42,0
DA:43,0
DA:46,0
DA:50,2
DA:54,0
DA:55,0
DA:56,0
DA:57,0
DA:58,0
DA:59,0
DA:62,0
DA:68,0
DA:73,2
DA:75,2
DA:80,2
DA:81,0
DA:82,0
DA:83,0
DA:96,0
DA:97,0
DA:98,0
DA:100,0
DA:104,0
DA:108,0
DA:118,0
DA:119,0
DA:120,0
DA:122,0
DA:126,0
DA:130,0
DA:134,0
DA:135,0
DA:136,0
DA:138,0
DA:142,0
DA:147,0
DA:150,0
DA:156,2
DA:176,0
DA:185,0
DA:188,0
DA:202,0
DA:210,0
DA:213,0
DA:228,0
DA:236,0
DA:239,0
DA:254,0
DA:264,0
DA:267,0
DA:283,0
DA:294,0
DA:303,0
DA:322,3
LF:74
LH:21
BRDA:37,0,0,0
BRDA:37,0,1,0
BRDA:54,1,0,0
BRDA:54,1,1,0
BRDA:96,2,0,0
BRDA:96,2,1,0
BRDA:118,3,0,0
BRDA:118,3,1,0
BRDA:134,4,0,0
BRDA:134,4,1,0
BRF:10
BRH:0
end_of_record
TN:
SF:scripts/onboarding/setProfile.js
FN:17,SetProfile
FN:33,(anonymous_1)
FN:35,(anonymous_2)
FN:39,(anonymous_3)
FN:53,(anonymous_4)
FN:67,(anonymous_5)
FN:85,(anonymous_6)
FN:95,(anonymous_7)
FN:98,(anonymous_8)
FN:102,(anonymous_9)
FN:110,(anonymous_10)
FN:118,(anonymous_11)
FN:126,(anonymous_12)
FN:134,(anonymous_13)
FN:142,(anonymous_14)
FN:158,(anonymous_15)
FN:161,(anonymous_16)
FN:165,(anonymous_17)
FN:190,(anonymous_18)
FN:198,(anonymous_19)
FN:201,(anonymous_20)
FN:214,(anonymous_21)
FN:222,(anonymous_22)
FN:225,(anonymous_23)
FN:235,(anonymous_24)
FN:238,(anonymous_25)
FN:241,(anonymous_26)
FN:248,(anonymous_27)
FN:257,(anonymous_28)
FNF:29
FNH:2
FNDA:2,SetProfile
FNDA:0,(anonymous_1)
FNDA:0,(anonymous_2)
FNDA:0,(anonymous_3)
FNDA:0,(anonymous_4)
FNDA:0,(anonymous_5)
FNDA:2,(anonymous_6)
FNDA:0,(anonymous_7)
FNDA:0,(anonymous_8)
FNDA:0,(anonymous_9)
FNDA:0,(anonymous_10)
FNDA:0,(anonymous_11)
FNDA:0,(anonymous_12)
FNDA:0,(anonymous_13)
FNDA:0,(anonymous_14)
FNDA:0,(anonymous_15)
FNDA:0,(anonymous_16)
FNDA:0,(anonymous_17)
FNDA:0,(anonymous_18)
FNDA:0,(anonymous_19)
FNDA:0,(anonymous_20)
FNDA:0,(anonymous_21)
FNDA:0,(anonymous_22)
FNDA:0,(anonymous_23)
FNDA:0,(anonymous_24)
FNDA:0,(anonymous_25)
FNDA:0,(anonymous_26)
FNDA:0,(anonymous_27)
FNDA:0,(anonymous_28)
DA:19,2
DA:20,2
DA:22,2
DA:24,2
DA:25,2
DA:26,2
DA:27,2
DA:28,2
DA:29,2
DA:31,2
DA:33,2
DA:34,0
DA:35,0
DA:36,0
DA:40,0
DA:41,0
DA:42,0
DA:43,0
DA:46,0
DA:50,0
DA:54,0
DA:55,0
DA:56,0
DA:59,0
DA:64,0
DA:68,0
DA:69,0
DA:73,0
DA:80,0
DA:85,2
DA:87,2
DA:88,0
DA:95,2
DA:96,0
DA:98,0
DA:99,0
DA:103,0
DA:104,0
DA:105,0
DA:107,0
DA:111,0
DA:115,0
DA:119,0
DA:120,0
DA:121,0
DA:123,0
DA:127,0
DA:131,0
DA:135,0
DA:136,0
DA:137,0
DA:139,0
DA:143,0
DA:148,0
DA:151,0
DA:157,2
DA:158,2
DA:159,0
DA:161,2
DA:162,0
DA:163,0
DA:165,2
DA:166,0
DA:169,2
DA:190,0
DA:198,0
DA:201,0
DA:214,0
DA:222,0
DA:225,0
DA:235,0
DA:238,0
DA:241,0
DA:248,0
DA:257,0
DA:294,3
LF:76
LH:20
BRDA:40,0,0,0
BRDA:40,0,1,0
BRDA:54,1,0,0
BRDA:54,1,1,0
BRDA:68,2,0,0
BRDA:68,2,1,0
BRDA:87,3,0,0
BRDA:87,3,1,2
BRDA:103,4,0,0
BRDA:103,4,1,0
BRDA:119,5,0,0
BRDA:119,5,1,0
BRDA:135,6,0,0
BRDA:135,6,1,0
BRDA:269,7,0,0
BRDA:269,7,1,2
BRF:16
BRH:2
end_of_record
TN:
SF:scripts/onboarding/signIn.js
FN:7,SignIn
FN:15,(anonymous_1)
FN:24,(anonymous_2)
FN:28,(anonymous_3)
FN:62,(anonymous_4)
FN:68,(anonymous_5)
FN:73,(anonymous_6)
FNF:7
FNH:1
FNDA:2,SignIn
FNDA:0,(anonymous_1)
FNDA:0,(anonymous_2)
FNDA:0,(anonymous_3)
FNDA:0,(anonymous_4)
FNDA:0,(anonymous_5)
FNDA:0,(anonymous_6)
DA:9,2
DA:11,2
DA:12,2
DA:15,2
DA:17,0
DA:20,0
DA:22,0
DA:24,0
DA:25,0
DA:29,0
DA:30,0
DA:31,0
DA:34,0
DA:35,0
DA:36,0
DA:44,0
DA:49,0
DA:55,2
DA:62,0
DA:68,0
DA:73,0
DA:84,3
LF:22
LH:6
BRDA:17,0,0,0
BRDA:17,0,1,0
BRDA:17,1,0,0
BRDA:17,1,1,0
BRDA:29,2,0,0
BRDA:29,2,1,0
BRF:6
BRH:0
end_of_record
TN:
SF:scripts/onboarding/signUp.js
FN:10,SignUp
FN:17,(anonymous_1)
FN:20,(anonymous_2)
FN:24,(anonymous_3)
FN:28,(anonymous_4)
FN:45,(anonymous_5)
FN:58,(anonymous_6)
FN:62,(anonymous_7)
FN:70,(anonymous_8)
FN:78,(anonymous_9)
FN:86,(anonymous_10)
FN:94,(anonymous_11)
FN:102,(anonymous_12)
FN:113,(anonymous_13)
FN:121,(anonymous_14)
FN:131,(anonymous_15)
FN:139,(anonymous_16)
FN:149,(anonymous_17)
FN:173,(anonymous_18)
FN:179,(anonymous_19)
FN:183,(anonymous_20)
FNF:21
FNH:1
FNDA:2,SignUp
FNDA:0,(anonymous_1)
FNDA:0,(anonymous_2)
FNDA:0,(anonymous_3)
FNDA:0,(anonymous_4)
FNDA:0,(anonymous_5)
FNDA:0,(anonymous_6)
FNDA:0,(anonymous_7)
FNDA:0,(anonymous_8)
FNDA:0,(anonymous_9)
FNDA:0,(anonymous_10)
FNDA:0,(anonymous_11)
FNDA:0,(anonymous_12)
FNDA:0,(anonymous_13)
FNDA:0,(anonymous_14)
FNDA:0,(anonymous_15)
FNDA:0,(anonymous_16)
FNDA:0,(anonymous_17)
FNDA:0,(anonymous_18)
FNDA:0,(anonymous_19)
FNDA:0,(anonymous_20)
DA:12,2
DA:14,2
DA:15,2
DA:17,2
DA:18,0
DA:20,0
DA:21,0
DA:25,0
DA:26,0
DA:28,0
DA:30,0
DA:33,0
DA:34,0
DA:40,0
DA:45,2
DA:47,0
DA:49,0
DA:54,0
DA:56,0
DA:58,0
DA:59,0
DA:63,0
DA:64,0
DA:66,0
DA:67,0
DA:71,0
DA:72,0
DA:75,0
DA:79,0
DA:80,0
DA:82,0
DA:83,0
DA:87,0
DA:88,0
DA:91,0
DA:95,0
DA:96,0
DA:98,0
DA:99,0
DA:103,0
DA:104,0
DA:107,0
DA:114,0
DA:115,0
DA:117,0
DA:118,0
DA:122,0
DA:123,0
DA:126,0
DA:132,0
DA:133,0
DA:135,0
DA:136,0
DA:140,0
DA:141,0
DA:147,0
DA:149,0
DA:154,0
DA:155,0
DA:162,2
DA:173,0
DA:179,0
DA:183,0
DA:196,3
LF:64
LH:7
BRDA:25,0,0,0
BRDA:25,0,1,0
BRDA:47,1,0,0
BRDA:47,1,1,0
BRDA:47,2,0,0
BRDA:47,2,1,0
BRDA:63,3,0,0
BRDA:63,3,1,0
BRDA:79,4,0,0
BRDA:79,4,1,0
BRDA:95,5,0,0
BRDA:95,5,1,0
BRDA:114,6,0,0
BRDA:114,6,1,0
BRDA:132,7,0,0
BRDA:132,7,1,0
BRF:16
BRH:0
end_of_record
TN:
SF:scripts/onboarding/welcome.js
FN:13,Welcome
FN:18,(anonymous_1)
FN:19,(anonymous_2)
FN:39,(anonymous_3)
FN:41,(anonymous_4)
FN:45,(anonymous_5)
FN:68,(anonymous_6)
FN:81,(anonymous_7)
FN:86,(anonymous_8)
FNF:9
FNH:5
FNDA:3,Welcome
FNDA:3,(anonymous_1)
FNDA:3,(anonymous_2)
FNDA:3,(anonymous_3)
FNDA:0,(anonymous_4)
FNDA:0,(anonymous_5)
FNDA:3,(anonymous_6)
FNDA:0,(anonymous_7)
FNDA:0,(anonymous_8)
DA:15,3
DA:18,3
DA:19,3
DA:20,3
DA:23,3
DA:26,3
DA:29,3
DA:32,3
DA:39,3
DA:40,3
DA:41,3
DA:42,0
DA:46,0
DA:47,0
DA:48,0
DA:49,0
DA:51,0
DA:54,0
DA:58,0
DA:64,0
DA:68,3
DA:70,3
DA:71,3
DA:76,3
DA:81,0
DA:86,0
DA:97,3
LF:27
LH:16
BRDA:46,0,0,0
BRDA:46,0,1,0
BRDA:48,1,0,0
BRDA:48,1,1,0
BRF:4
BRH:0
end_of_record
